warning: /usr/local/lib/python3.6/site-packages/mujoco_py/generated/../pxd/mjmodel.pxd:99:4: 'mjtDisableBit' redeclared 
warning: /usr/local/lib/python3.6/site-packages/mujoco_py/generated/../pxd/mjmodel.pxd:114:4: 'mjtEnableBit' redeclared 
warning: /usr/local/lib/python3.6/site-packages/mujoco_py/generated/../pxd/mjmodel.pxd:121:4: 'mjtJoint' redeclared 
warning: /usr/local/lib/python3.6/site-packages/mujoco_py/generated/../pxd/mjmodel.pxd:127:4: 'mjtGeom' redeclared 
warning: /usr/local/lib/python3.6/site-packages/mujoco_py/generated/../pxd/mjmodel.pxd:149:4: 'mjtCamLight' redeclared 
warning: /usr/local/lib/python3.6/site-packages/mujoco_py/generated/../pxd/mjmodel.pxd:157:4: 'mjtTexture' redeclared 
warning: /usr/local/lib/python3.6/site-packages/mujoco_py/generated/../pxd/mjmodel.pxd:163:4: 'mjtIntegrator' redeclared 
warning: /usr/local/lib/python3.6/site-packages/mujoco_py/generated/../pxd/mjmodel.pxd:168:4: 'mjtCollision' redeclared 
warning: /usr/local/lib/python3.6/site-packages/mujoco_py/generated/../pxd/mjmodel.pxd:174:4: 'mjtCone' redeclared 
warning: /usr/local/lib/python3.6/site-packages/mujoco_py/generated/../pxd/mjmodel.pxd:179:4: 'mjtJacobian' redeclared 
warning: /usr/local/lib/python3.6/site-packages/mujoco_py/generated/../pxd/mjmodel.pxd:185:4: 'mjtSolver' redeclared 
warning: /usr/local/lib/python3.6/site-packages/mujoco_py/generated/../pxd/mjmodel.pxd:191:4: 'mjtImp' redeclared 
warning: /usr/local/lib/python3.6/site-packages/mujoco_py/generated/../pxd/mjmodel.pxd:198:4: 'mjtRef' redeclared 
warning: /usr/local/lib/python3.6/site-packages/mujoco_py/generated/../pxd/mjmodel.pxd:203:4: 'mjtEq' redeclared 
warning: /usr/local/lib/python3.6/site-packages/mujoco_py/generated/../pxd/mjmodel.pxd:211:4: 'mjtWrap' redeclared 
warning: /usr/local/lib/python3.6/site-packages/mujoco_py/generated/../pxd/mjmodel.pxd:220:4: 'mjtTrn' redeclared 
warning: /usr/local/lib/python3.6/site-packages/mujoco_py/generated/../pxd/mjmodel.pxd:230:4: 'mjtDyn' redeclared 
warning: /usr/local/lib/python3.6/site-packages/mujoco_py/generated/../pxd/mjmodel.pxd:237:4: 'mjtGain' redeclared 
warning: /usr/local/lib/python3.6/site-packages/mujoco_py/generated/../pxd/mjmodel.pxd:242:4: 'mjtBias' redeclared 
warning: /usr/local/lib/python3.6/site-packages/mujoco_py/generated/../pxd/mjmodel.pxd:248:4: 'mjtObj' redeclared 
warning: /usr/local/lib/python3.6/site-packages/mujoco_py/generated/../pxd/mjmodel.pxd:274:4: 'mjtConstraint' redeclared 
warning: /usr/local/lib/python3.6/site-packages/mujoco_py/generated/../pxd/mjmodel.pxd:285:4: 'mjtConstraintState' redeclared 
warning: /usr/local/lib/python3.6/site-packages/mujoco_py/generated/../pxd/mjmodel.pxd:294:4: 'mjtSensor' redeclared 
warning: /usr/local/lib/python3.6/site-packages/mujoco_py/generated/../pxd/mjmodel.pxd:338:4: 'mjtStage' redeclared 
warning: /usr/local/lib/python3.6/site-packages/mujoco_py/generated/../pxd/mjmodel.pxd:345:4: 'mjtDataType' redeclared 
warning: /usr/local/lib/python3.6/site-packages/mujoco_py/generated/../pxd/mjmodel.pxd:99:4: 'mjtDisableBit' redeclared 
warning: /usr/local/lib/python3.6/site-packages/mujoco_py/generated/../pxd/mjmodel.pxd:114:4: 'mjtEnableBit' redeclared 
warning: /usr/local/lib/python3.6/site-packages/mujoco_py/generated/../pxd/mjmodel.pxd:121:4: 'mjtJoint' redeclared 
warning: /usr/local/lib/python3.6/site-packages/mujoco_py/generated/../pxd/mjmodel.pxd:127:4: 'mjtGeom' redeclared 
warning: /usr/local/lib/python3.6/site-packages/mujoco_py/generated/../pxd/mjmodel.pxd:149:4: 'mjtCamLight' redeclared 
warning: /usr/local/lib/python3.6/site-packages/mujoco_py/generated/../pxd/mjmodel.pxd:157:4: 'mjtTexture' redeclared 
warning: /usr/local/lib/python3.6/site-packages/mujoco_py/generated/../pxd/mjmodel.pxd:163:4: 'mjtIntegrator' redeclared 
warning: /usr/local/lib/python3.6/site-packages/mujoco_py/generated/../pxd/mjmodel.pxd:168:4: 'mjtCollision' redeclared 
warning: /usr/local/lib/python3.6/site-packages/mujoco_py/generated/../pxd/mjmodel.pxd:174:4: 'mjtCone' redeclared 
warning: /usr/local/lib/python3.6/site-packages/mujoco_py/generated/../pxd/mjmodel.pxd:179:4: 'mjtJacobian' redeclared 
warning: /usr/local/lib/python3.6/site-packages/mujoco_py/generated/../pxd/mjmodel.pxd:185:4: 'mjtSolver' redeclared 
warning: /usr/local/lib/python3.6/site-packages/mujoco_py/generated/../pxd/mjmodel.pxd:191:4: 'mjtImp' redeclared 
warning: /usr/local/lib/python3.6/site-packages/mujoco_py/generated/../pxd/mjmodel.pxd:198:4: 'mjtRef' redeclared 
warning: /usr/local/lib/python3.6/site-packages/mujoco_py/generated/../pxd/mjmodel.pxd:203:4: 'mjtEq' redeclared 
warning: /usr/local/lib/python3.6/site-packages/mujoco_py/generated/../pxd/mjmodel.pxd:211:4: 'mjtWrap' redeclared 
warning: /usr/local/lib/python3.6/site-packages/mujoco_py/generated/../pxd/mjmodel.pxd:220:4: 'mjtTrn' redeclared 
warning: /usr/local/lib/python3.6/site-packages/mujoco_py/generated/../pxd/mjmodel.pxd:230:4: 'mjtDyn' redeclared 
warning: /usr/local/lib/python3.6/site-packages/mujoco_py/generated/../pxd/mjmodel.pxd:237:4: 'mjtGain' redeclared 
warning: /usr/local/lib/python3.6/site-packages/mujoco_py/generated/../pxd/mjmodel.pxd:242:4: 'mjtBias' redeclared 
warning: /usr/local/lib/python3.6/site-packages/mujoco_py/generated/../pxd/mjmodel.pxd:248:4: 'mjtObj' redeclared 
warning: /usr/local/lib/python3.6/site-packages/mujoco_py/generated/../pxd/mjmodel.pxd:274:4: 'mjtConstraint' redeclared 
warning: /usr/local/lib/python3.6/site-packages/mujoco_py/generated/../pxd/mjmodel.pxd:285:4: 'mjtConstraintState' redeclared 
warning: /usr/local/lib/python3.6/site-packages/mujoco_py/generated/../pxd/mjmodel.pxd:294:4: 'mjtSensor' redeclared 
warning: /usr/local/lib/python3.6/site-packages/mujoco_py/generated/../pxd/mjmodel.pxd:338:4: 'mjtStage' redeclared 
warning: /usr/local/lib/python3.6/site-packages/mujoco_py/generated/../pxd/mjmodel.pxd:345:4: 'mjtDataType' redeclared 
warning: /usr/local/lib/python3.6/site-packages/mujoco_py/generated/../pxd/mjmodel.pxd:75:4: 'mjtNum' redeclared 
warning: /usr/local/lib/python3.6/site-packages/mujoco_py/generated/../pxd/mjmodel.pxd:77:10: 'mjPI' redeclared 
warning: /usr/local/lib/python3.6/site-packages/mujoco_py/generated/../pxd/mjmodel.pxd:78:10: 'mjMAXVAL' redeclared 
warning: /usr/local/lib/python3.6/site-packages/mujoco_py/generated/../pxd/mjmodel.pxd:79:10: 'mjMINMU' redeclared 
warning: /usr/local/lib/python3.6/site-packages/mujoco_py/generated/../pxd/mjmodel.pxd:80:10: 'mjMINIMP' redeclared 
warning: /usr/local/lib/python3.6/site-packages/mujoco_py/generated/../pxd/mjmodel.pxd:81:10: 'mjMAXIMP' redeclared 
warning: /usr/local/lib/python3.6/site-packages/mujoco_py/generated/../pxd/mjmodel.pxd:82:10: 'mjMAXCONPAIR' redeclared 
warning: /usr/local/lib/python3.6/site-packages/mujoco_py/generated/../pxd/mjmodel.pxd:83:10: 'mjMAXVFS' redeclared 
warning: /usr/local/lib/python3.6/site-packages/mujoco_py/generated/../pxd/mjmodel.pxd:84:10: 'mjMAXVFSNAME' redeclared 
warning: /usr/local/lib/python3.6/site-packages/mujoco_py/generated/../pxd/mjmodel.pxd:87:10: 'mjNEQDATA' redeclared 
warning: /usr/local/lib/python3.6/site-packages/mujoco_py/generated/../pxd/mjmodel.pxd:88:10: 'mjNDYN' redeclared 
warning: /usr/local/lib/python3.6/site-packages/mujoco_py/generated/../pxd/mjmodel.pxd:89:10: 'mjNGAIN' redeclared 
warning: /usr/local/lib/python3.6/site-packages/mujoco_py/generated/../pxd/mjmodel.pxd:90:10: 'mjNBIAS' redeclared 
warning: /usr/local/lib/python3.6/site-packages/mujoco_py/generated/../pxd/mjmodel.pxd:91:10: 'mjNREF' redeclared 
warning: /usr/local/lib/python3.6/site-packages/mujoco_py/generated/../pxd/mjmodel.pxd:92:10: 'mjNIMP' redeclared 
warning: /usr/local/lib/python3.6/site-packages/mujoco_py/generated/../pxd/mjmodel.pxd:93:10: 'mjNSOLVER' redeclared 
warning: /usr/local/lib/python3.6/site-packages/mujoco_py/generated/../pxd/mjmodel.pxd:96:4: 'mjtByte' redeclared 
warning: /usr/local/lib/python3.6/site-packages/mujoco_py/generated/../pxd/mjmodel.pxd:100:8: 'mjDSBL_CONSTRAINT' redeclared 
warning: /usr/local/lib/python3.6/site-packages/mujoco_py/generated/../pxd/mjmodel.pxd:101:8: 'mjDSBL_EQUALITY' redeclared 
warning: /usr/local/lib/python3.6/site-packages/mujoco_py/generated/../pxd/mjmodel.pxd:102:8: 'mjDSBL_FRICTIONLOSS' redeclared 
warning: /usr/local/lib/python3.6/site-packages/mujoco_py/generated/../pxd/mjmodel.pxd:103:8: 'mjDSBL_LIMIT' redeclared 
warning: /usr/local/lib/python3.6/site-packages/mujoco_py/generated/../pxd/mjmodel.pxd:104:8: 'mjDSBL_CONTACT' redeclared 
warning: /usr/local/lib/python3.6/site-packages/mujoco_py/generated/../pxd/mjmodel.pxd:105:8: 'mjDSBL_PASSIVE' redeclared 
warning: /usr/local/lib/python3.6/site-packages/mujoco_py/generated/../pxd/mjmodel.pxd:106:8: 'mjDSBL_GRAVITY' redeclared 
warning: /usr/local/lib/python3.6/site-packages/mujoco_py/generated/../pxd/mjmodel.pxd:107:8: 'mjDSBL_CLAMPCTRL' redeclared 
warning: /usr/local/lib/python3.6/site-packages/mujoco_py/generated/../pxd/mjmodel.pxd:108:8: 'mjDSBL_WARMSTART' redeclared 
warning: /usr/local/lib/python3.6/site-packages/mujoco_py/generated/../pxd/mjmodel.pxd:109:8: 'mjDSBL_FILTERPARENT' redeclared 
warning: /usr/local/lib/python3.6/site-packages/mujoco_py/generated/../pxd/mjmodel.pxd:110:8: 'mjDSBL_ACTUATION' redeclared 
warning: /usr/local/lib/python3.6/site-packages/mujoco_py/generated/../pxd/mjmodel.pxd:111:8: 'mjDSBL_REFSAFE' redeclared 
warning: /usr/local/lib/python3.6/site-packages/mujoco_py/generated/../pxd/mjmodel.pxd:112:10: 'mjNDISABLE' redeclared 
warning: /usr/local/lib/python3.6/site-packages/mujoco_py/generated/../pxd/mjmodel.pxd:115:8: 'mjENBL_OVERRIDE' redeclared 
warning: /usr/local/lib/python3.6/site-packages/mujoco_py/generated/../pxd/mjmodel.pxd:116:8: 'mjENBL_ENERGY' redeclared 
warning: /usr/local/lib/python3.6/site-packages/mujoco_py/generated/../pxd/mjmodel.pxd:117:8: 'mjENBL_FWDINV' redeclared 
warning: /usr/local/lib/python3.6/site-packages/mujoco_py/generated/../pxd/mjmodel.pxd:118:8: 'mjENBL_SENSORNOISE' redeclared 
warning: /usr/local/lib/python3.6/site-packages/mujoco_py/generated/../pxd/mjmodel.pxd:119:10: 'mjNENABLE' redeclared 
warning: /usr/local/lib/python3.6/site-packages/mujoco_py/generated/../pxd/mjmodel.pxd:122:8: 'mjJNT_FREE' redeclared 
warning: /usr/local/lib/python3.6/site-packages/mujoco_py/generated/../pxd/mjmodel.pxd:123:8: 'mjJNT_BALL' redeclared 
warning: /usr/local/lib/python3.6/site-packages/mujoco_py/generated/../pxd/mjmodel.pxd:124:8: 'mjJNT_SLIDE' redeclared 
warning: /usr/local/lib/python3.6/site-packages/mujoco_py/generated/../pxd/mjmodel.pxd:125:8: 'mjJNT_HINGE' redeclared 
warning: /usr/local/lib/python3.6/site-packages/mujoco_py/generated/../pxd/mjmodel.pxd:129:8: 'mjGEOM_PLANE' redeclared 
warning: /usr/local/lib/python3.6/site-packages/mujoco_py/generated/../pxd/mjmodel.pxd:130:8: 'mjGEOM_HFIELD' redeclared 
warning: /usr/local/lib/python3.6/site-packages/mujoco_py/generated/../pxd/mjmodel.pxd:131:8: 'mjGEOM_SPHERE' redeclared 
warning: /usr/local/lib/python3.6/site-packages/mujoco_py/generated/../pxd/mjmodel.pxd:132:8: 'mjGEOM_CAPSULE' redeclared 
warning: /usr/local/lib/python3.6/site-packages/mujoco_py/generated/../pxd/mjmodel.pxd:133:8: 'mjGEOM_ELLIPSOID' redeclared 
warning: /usr/local/lib/python3.6/site-packages/mujoco_py/generated/../pxd/mjmodel.pxd:134:8: 'mjGEOM_CYLINDER' redeclared 
warning: /usr/local/lib/python3.6/site-packages/mujoco_py/generated/../pxd/mjmodel.pxd:135:8: 'mjGEOM_BOX' redeclared 
warning: /usr/local/lib/python3.6/site-packages/mujoco_py/generated/../pxd/mjmodel.pxd:136:8: 'mjGEOM_MESH' redeclared 
warning: /usr/local/lib/python3.6/site-packages/mujoco_py/generated/../pxd/mjmodel.pxd:138:8: 'mjNGEOMTYPES' redeclared 
warning: /usr/local/lib/python3.6/site-packages/mujoco_py/generated/../pxd/mjmodel.pxd:141:8: 'mjGEOM_ARROW' redeclared 
warning: /usr/local/lib/python3.6/site-packages/mujoco_py/generated/../pxd/mjmodel.pxd:142:8: 'mjGEOM_ARROW1' redeclared 
warning: /usr/local/lib/python3.6/site-packages/mujoco_py/generated/../pxd/mjmodel.pxd:143:8: 'mjGEOM_ARROW2' redeclared 
warning: /usr/local/lib/python3.6/site-packages/mujoco_py/generated/../pxd/mjmodel.pxd:144:8: 'mjGEOM_LABEL' redeclared 
warning: /usr/local/lib/python3.6/site-packages/mujoco_py/generated/../pxd/mjmodel.pxd:146:8: 'mjGEOM_NONE' redeclared 
warning: /usr/local/lib/python3.6/site-packages/mujoco_py/generated/../pxd/mjmodel.pxd:150:8: 'mjCAMLIGHT_FIXED' redeclared 
warning: /usr/local/lib/python3.6/site-packages/mujoco_py/generated/../pxd/mjmodel.pxd:151:8: 'mjCAMLIGHT_TRACK' redeclared 
warning: /usr/local/lib/python3.6/site-packages/mujoco_py/generated/../pxd/mjmodel.pxd:152:8: 'mjCAMLIGHT_TRACKCOM' redeclared 
warning: /usr/local/lib/python3.6/site-packages/mujoco_py/generated/../pxd/mjmodel.pxd:153:8: 'mjCAMLIGHT_TARGETBODY' redeclared 
warning: /usr/local/lib/python3.6/site-packages/mujoco_py/generated/../pxd/mjmodel.pxd:154:8: 'mjCAMLIGHT_TARGETBODYCOM' redeclared 
warning: /usr/local/lib/python3.6/site-packages/mujoco_py/generated/../pxd/mjmodel.pxd:158:8: 'mjTEXTURE_2D' redeclared 
warning: /usr/local/lib/python3.6/site-packages/mujoco_py/generated/../pxd/mjmodel.pxd:159:8: 'mjTEXTURE_CUBE' redeclared 
warning: /usr/local/lib/python3.6/site-packages/mujoco_py/generated/../pxd/mjmodel.pxd:160:8: 'mjTEXTURE_SKYBOX' redeclared 
warning: /usr/local/lib/python3.6/site-packages/mujoco_py/generated/../pxd/mjmodel.pxd:164:8: 'mjINT_EULER' redeclared 
warning: /usr/local/lib/python3.6/site-packages/mujoco_py/generated/../pxd/mjmodel.pxd:165:8: 'mjINT_RK4' redeclared 
warning: /usr/local/lib/python3.6/site-packages/mujoco_py/generated/../pxd/mjmodel.pxd:169:8: 'mjCOL_ALL' redeclared 
warning: /usr/local/lib/python3.6/site-packages/mujoco_py/generated/../pxd/mjmodel.pxd:170:8: 'mjCOL_PAIR' redeclared 
warning: /usr/local/lib/python3.6/site-packages/mujoco_py/generated/../pxd/mjmodel.pxd:171:8: 'mjCOL_DYNAMIC' redeclared 
warning: /usr/local/lib/python3.6/site-packages/mujoco_py/generated/../pxd/mjmodel.pxd:175:8: 'mjCONE_PYRAMIDAL' redeclared 
warning: /usr/local/lib/python3.6/site-packages/mujoco_py/generated/../pxd/mjmodel.pxd:176:8: 'mjCONE_ELLIPTIC' redeclared 
warning: /usr/local/lib/python3.6/site-packages/mujoco_py/generated/../pxd/mjmodel.pxd:180:8: 'mjJAC_DENSE' redeclared 
warning: /usr/local/lib/python3.6/site-packages/mujoco_py/generated/../pxd/mjmodel.pxd:181:8: 'mjJAC_SPARSE' redeclared 
warning: /usr/local/lib/python3.6/site-packages/mujoco_py/generated/../pxd/mjmodel.pxd:182:8: 'mjJAC_AUTO' redeclared 
warning: /usr/local/lib/python3.6/site-packages/mujoco_py/generated/../pxd/mjmodel.pxd:186:8: 'mjSOL_PGS' redeclared 
warning: /usr/local/lib/python3.6/site-packages/mujoco_py/generated/../pxd/mjmodel.pxd:187:8: 'mjSOL_CG' redeclared 
warning: /usr/local/lib/python3.6/site-packages/mujoco_py/generated/../pxd/mjmodel.pxd:188:8: 'mjSOL_NEWTON' redeclared 
warning: /usr/local/lib/python3.6/site-packages/mujoco_py/generated/../pxd/mjmodel.pxd:192:8: 'mjIMP_CONSTANT' redeclared 
warning: /usr/local/lib/python3.6/site-packages/mujoco_py/generated/../pxd/mjmodel.pxd:193:8: 'mjIMP_SIGMOID' redeclared 
warning: /usr/local/lib/python3.6/site-packages/mujoco_py/generated/../pxd/mjmodel.pxd:194:8: 'mjIMP_LINEAR' redeclared 
warning: /usr/local/lib/python3.6/site-packages/mujoco_py/generated/../pxd/mjmodel.pxd:195:8: 'mjIMP_USER' redeclared 
warning: /usr/local/lib/python3.6/site-packages/mujoco_py/generated/../pxd/mjmodel.pxd:199:8: 'mjREF_SPRING' redeclared 
warning: /usr/local/lib/python3.6/site-packages/mujoco_py/generated/../pxd/mjmodel.pxd:200:8: 'mjREF_USER' redeclared 
warning: /usr/local/lib/python3.6/site-packages/mujoco_py/generated/../pxd/mjmodel.pxd:204:8: 'mjEQ_CONNECT' redeclared 
warning: /usr/local/lib/python3.6/site-packages/mujoco_py/generated/../pxd/mjmodel.pxd:205:8: 'mjEQ_WELD' redeclared 
warning: /usr/local/lib/python3.6/site-packages/mujoco_py/generated/../pxd/mjmodel.pxd:206:8: 'mjEQ_JOINT' redeclared 
warning: /usr/local/lib/python3.6/site-packages/mujoco_py/generated/../pxd/mjmodel.pxd:207:8: 'mjEQ_TENDON' redeclared 
warning: /usr/local/lib/python3.6/site-packages/mujoco_py/generated/../pxd/mjmodel.pxd:208:8: 'mjEQ_DISTANCE' redeclared 
warning: /usr/local/lib/python3.6/site-packages/mujoco_py/generated/../pxd/mjmodel.pxd:212:8: 'mjWRAP_NONE' redeclared 
warning: /usr/local/lib/python3.6/site-packages/mujoco_py/generated/../pxd/mjmodel.pxd:213:8: 'mjWRAP_JOINT' redeclared 
warning: /usr/local/lib/python3.6/site-packages/mujoco_py/generated/../pxd/mjmodel.pxd:214:8: 'mjWRAP_PULLEY' redeclared 
warning: /usr/local/lib/python3.6/site-packages/mujoco_py/generated/../pxd/mjmodel.pxd:215:8: 'mjWRAP_SITE' redeclared 
warning: /usr/local/lib/python3.6/site-packages/mujoco_py/generated/../pxd/mjmodel.pxd:216:8: 'mjWRAP_SPHERE' redeclared 
warning: /usr/local/lib/python3.6/site-packages/mujoco_py/generated/../pxd/mjmodel.pxd:217:8: 'mjWRAP_CYLINDER' redeclared 
warning: /usr/local/lib/python3.6/site-packages/mujoco_py/generated/../pxd/mjmodel.pxd:221:8: 'mjTRN_JOINT' redeclared 
warning: /usr/local/lib/python3.6/site-packages/mujoco_py/generated/../pxd/mjmodel.pxd:222:8: 'mjTRN_JOINTINPARENT' redeclared 
warning: /usr/local/lib/python3.6/site-packages/mujoco_py/generated/../pxd/mjmodel.pxd:223:8: 'mjTRN_SLIDERCRANK' redeclared 
warning: /usr/local/lib/python3.6/site-packages/mujoco_py/generated/../pxd/mjmodel.pxd:224:8: 'mjTRN_TENDON' redeclared 
warning: /usr/local/lib/python3.6/site-packages/mujoco_py/generated/../pxd/mjmodel.pxd:225:8: 'mjTRN_SITE' redeclared 
warning: /usr/local/lib/python3.6/site-packages/mujoco_py/generated/../pxd/mjmodel.pxd:227:8: 'mjTRN_UNDEFINED' redeclared 
warning: /usr/local/lib/python3.6/site-packages/mujoco_py/generated/../pxd/mjmodel.pxd:231:8: 'mjDYN_NONE' redeclared 
warning: /usr/local/lib/python3.6/site-packages/mujoco_py/generated/../pxd/mjmodel.pxd:232:8: 'mjDYN_INTEGRATOR' redeclared 
warning: /usr/local/lib/python3.6/site-packages/mujoco_py/generated/../pxd/mjmodel.pxd:233:8: 'mjDYN_FILTER' redeclared 
warning: /usr/local/lib/python3.6/site-packages/mujoco_py/generated/../pxd/mjmodel.pxd:234:8: 'mjDYN_USER' redeclared 
warning: /usr/local/lib/python3.6/site-packages/mujoco_py/generated/../pxd/mjmodel.pxd:238:8: 'mjGAIN_FIXED' redeclared 
warning: /usr/local/lib/python3.6/site-packages/mujoco_py/generated/../pxd/mjmodel.pxd:239:8: 'mjGAIN_USER' redeclared 
warning: /usr/local/lib/python3.6/site-packages/mujoco_py/generated/../pxd/mjmodel.pxd:243:8: 'mjBIAS_NONE' redeclared 
warning: /usr/local/lib/python3.6/site-packages/mujoco_py/generated/../pxd/mjmodel.pxd:244:8: 'mjBIAS_AFFINE' redeclared 
warning: /usr/local/lib/python3.6/site-packages/mujoco_py/generated/../pxd/mjmodel.pxd:245:8: 'mjBIAS_USER' redeclared 
warning: /usr/local/lib/python3.6/site-packages/mujoco_py/generated/../pxd/mjmodel.pxd:249:8: 'mjOBJ_UNKNOWN' redeclared 
warning: /usr/local/lib/python3.6/site-packages/mujoco_py/generated/../pxd/mjmodel.pxd:250:8: 'mjOBJ_BODY' redeclared 
warning: /usr/local/lib/python3.6/site-packages/mujoco_py/generated/../pxd/mjmodel.pxd:251:8: 'mjOBJ_XBODY' redeclared 
warning: /usr/local/lib/python3.6/site-packages/mujoco_py/generated/../pxd/mjmodel.pxd:252:8: 'mjOBJ_JOINT' redeclared 
warning: /usr/local/lib/python3.6/site-packages/mujoco_py/generated/../pxd/mjmodel.pxd:253:8: 'mjOBJ_DOF' redeclared 
warning: /usr/local/lib/python3.6/site-packages/mujoco_py/generated/../pxd/mjmodel.pxd:254:8: 'mjOBJ_GEOM' redeclared 
warning: /usr/local/lib/python3.6/site-packages/mujoco_py/generated/../pxd/mjmodel.pxd:255:8: 'mjOBJ_SITE' redeclared 
warning: /usr/local/lib/python3.6/site-packages/mujoco_py/generated/../pxd/mjmodel.pxd:256:8: 'mjOBJ_CAMERA' redeclared 
warning: /usr/local/lib/python3.6/site-packages/mujoco_py/generated/../pxd/mjmodel.pxd:257:8: 'mjOBJ_LIGHT' redeclared 
warning: /usr/local/lib/python3.6/site-packages/mujoco_py/generated/../pxd/mjmodel.pxd:258:8: 'mjOBJ_MESH' redeclared 
warning: /usr/local/lib/python3.6/site-packages/mujoco_py/generated/../pxd/mjmodel.pxd:259:8: 'mjOBJ_HFIELD' redeclared 
warning: /usr/local/lib/python3.6/site-packages/mujoco_py/generated/../pxd/mjmodel.pxd:260:8: 'mjOBJ_TEXTURE' redeclared 
warning: /usr/local/lib/python3.6/site-packages/mujoco_py/generated/../pxd/mjmodel.pxd:261:8: 'mjOBJ_MATERIAL' redeclared 
warning: /usr/local/lib/python3.6/site-packages/mujoco_py/generated/../pxd/mjmodel.pxd:262:8: 'mjOBJ_PAIR' redeclared 
warning: /usr/local/lib/python3.6/site-packages/mujoco_py/generated/../pxd/mjmodel.pxd:263:8: 'mjOBJ_EXCLUDE' redeclared 
warning: /usr/local/lib/python3.6/site-packages/mujoco_py/generated/../pxd/mjmodel.pxd:264:8: 'mjOBJ_EQUALITY' redeclared 
warning: /usr/local/lib/python3.6/site-packages/mujoco_py/generated/../pxd/mjmodel.pxd:265:8: 'mjOBJ_TENDON' redeclared 
warning: /usr/local/lib/python3.6/site-packages/mujoco_py/generated/../pxd/mjmodel.pxd:266:8: 'mjOBJ_ACTUATOR' redeclared 
warning: /usr/local/lib/python3.6/site-packages/mujoco_py/generated/../pxd/mjmodel.pxd:267:8: 'mjOBJ_SENSOR' redeclared 
warning: /usr/local/lib/python3.6/site-packages/mujoco_py/generated/../pxd/mjmodel.pxd:268:8: 'mjOBJ_NUMERIC' redeclared 
warning: /usr/local/lib/python3.6/site-packages/mujoco_py/generated/../pxd/mjmodel.pxd:269:8: 'mjOBJ_TEXT' redeclared 
warning: /usr/local/lib/python3.6/site-packages/mujoco_py/generated/../pxd/mjmodel.pxd:270:8: 'mjOBJ_TUPLE' redeclared 
warning: /usr/local/lib/python3.6/site-packages/mujoco_py/generated/../pxd/mjmodel.pxd:271:8: 'mjOBJ_KEY' redeclared 
warning: /usr/local/lib/python3.6/site-packages/mujoco_py/generated/../pxd/mjmodel.pxd:275:8: 'mjCNSTR_EQUALITY' redeclared 
warning: /usr/local/lib/python3.6/site-packages/mujoco_py/generated/../pxd/mjmodel.pxd:276:8: 'mjCNSTR_FRICTION_DOF' redeclared 
warning: /usr/local/lib/python3.6/site-packages/mujoco_py/generated/../pxd/mjmodel.pxd:277:8: 'mjCNSTR_FRICTION_TENDON' redeclared 
warning: /usr/local/lib/python3.6/site-packages/mujoco_py/generated/../pxd/mjmodel.pxd:278:8: 'mjCNSTR_LIMIT_JOINT' redeclared 
warning: /usr/local/lib/python3.6/site-packages/mujoco_py/generated/../pxd/mjmodel.pxd:279:8: 'mjCNSTR_LIMIT_TENDON' redeclared 
warning: /usr/local/lib/python3.6/site-packages/mujoco_py/generated/../pxd/mjmodel.pxd:280:8: 'mjCNSTR_CONTACT_FRICTIONLESS' redeclared 
warning: /usr/local/lib/python3.6/site-packages/mujoco_py/generated/../pxd/mjmodel.pxd:281:8: 'mjCNSTR_CONTACT_PYRAMIDAL' redeclared 
warning: /usr/local/lib/python3.6/site-packages/mujoco_py/generated/../pxd/mjmodel.pxd:282:8: 'mjCNSTR_CONTACT_ELLIPTIC' redeclared 
warning: /usr/local/lib/python3.6/site-packages/mujoco_py/generated/../pxd/mjmodel.pxd:286:8: 'mjCNSTRSTATE_SATISFIED' redeclared 
warning: /usr/local/lib/python3.6/site-packages/mujoco_py/generated/../pxd/mjmodel.pxd:287:8: 'mjCNSTRSTATE_QUADRATIC' redeclared 
warning: /usr/local/lib/python3.6/site-packages/mujoco_py/generated/../pxd/mjmodel.pxd:288:8: 'mjCNSTRSTATE_LINEARNEG' redeclared 
warning: /usr/local/lib/python3.6/site-packages/mujoco_py/generated/../pxd/mjmodel.pxd:289:8: 'mjCNSTRSTATE_LINEARPOS' redeclared 
warning: /usr/local/lib/python3.6/site-packages/mujoco_py/generated/../pxd/mjmodel.pxd:290:8: 'mjCNSTRSTATE_CONE' redeclared 
warning: /usr/local/lib/python3.6/site-packages/mujoco_py/generated/../pxd/mjmodel.pxd:296:8: 'mjSENS_TOUCH' redeclared 
warning: /usr/local/lib/python3.6/site-packages/mujoco_py/generated/../pxd/mjmodel.pxd:297:8: 'mjSENS_ACCELEROMETER' redeclared 
warning: /usr/local/lib/python3.6/site-packages/mujoco_py/generated/../pxd/mjmodel.pxd:298:8: 'mjSENS_VELOCIMETER' redeclared 
warning: /usr/local/lib/python3.6/site-packages/mujoco_py/generated/../pxd/mjmodel.pxd:299:8: 'mjSENS_GYRO' redeclared 
warning: /usr/local/lib/python3.6/site-packages/mujoco_py/generated/../pxd/mjmodel.pxd:300:8: 'mjSENS_FORCE' redeclared 
warning: /usr/local/lib/python3.6/site-packages/mujoco_py/generated/../pxd/mjmodel.pxd:301:8: 'mjSENS_TORQUE' redeclared 
warning: /usr/local/lib/python3.6/site-packages/mujoco_py/generated/../pxd/mjmodel.pxd:302:8: 'mjSENS_MAGNETOMETER' redeclared 
warning: /usr/local/lib/python3.6/site-packages/mujoco_py/generated/../pxd/mjmodel.pxd:303:8: 'mjSENS_RANGEFINDER' redeclared 
warning: /usr/local/lib/python3.6/site-packages/mujoco_py/generated/../pxd/mjmodel.pxd:306:8: 'mjSENS_JOINTPOS' redeclared 
warning: /usr/local/lib/python3.6/site-packages/mujoco_py/generated/../pxd/mjmodel.pxd:307:8: 'mjSENS_JOINTVEL' redeclared 
warning: /usr/local/lib/python3.6/site-packages/mujoco_py/generated/../pxd/mjmodel.pxd:308:8: 'mjSENS_TENDONPOS' redeclared 
warning: /usr/local/lib/python3.6/site-packages/mujoco_py/generated/../pxd/mjmodel.pxd:309:8: 'mjSENS_TENDONVEL' redeclared 
warning: /usr/local/lib/python3.6/site-packages/mujoco_py/generated/../pxd/mjmodel.pxd:310:8: 'mjSENS_ACTUATORPOS' redeclared 
warning: /usr/local/lib/python3.6/site-packages/mujoco_py/generated/../pxd/mjmodel.pxd:311:8: 'mjSENS_ACTUATORVEL' redeclared 
warning: /usr/local/lib/python3.6/site-packages/mujoco_py/generated/../pxd/mjmodel.pxd:312:8: 'mjSENS_ACTUATORFRC' redeclared 
warning: /usr/local/lib/python3.6/site-packages/mujoco_py/generated/../pxd/mjmodel.pxd:315:8: 'mjSENS_BALLQUAT' redeclared 
warning: /usr/local/lib/python3.6/site-packages/mujoco_py/generated/../pxd/mjmodel.pxd:316:8: 'mjSENS_BALLANGVEL' redeclared 
warning: /usr/local/lib/python3.6/site-packages/mujoco_py/generated/../pxd/mjmodel.pxd:319:8: 'mjSENS_FRAMEPOS' redeclared 
warning: /usr/local/lib/python3.6/site-packages/mujoco_py/generated/../pxd/mjmodel.pxd:320:8: 'mjSENS_FRAMEQUAT' redeclared 
warning: /usr/local/lib/python3.6/site-packages/mujoco_py/generated/../pxd/mjmodel.pxd:321:8: 'mjSENS_FRAMEXAXIS' redeclared 
warning: /usr/local/lib/python3.6/site-packages/mujoco_py/generated/../pxd/mjmodel.pxd:322:8: 'mjSENS_FRAMEYAXIS' redeclared 
warning: /usr/local/lib/python3.6/site-packages/mujoco_py/generated/../pxd/mjmodel.pxd:323:8: 'mjSENS_FRAMEZAXIS' redeclared 
warning: /usr/local/lib/python3.6/site-packages/mujoco_py/generated/../pxd/mjmodel.pxd:324:8: 'mjSENS_FRAMELINVEL' redeclared 
warning: /usr/local/lib/python3.6/site-packages/mujoco_py/generated/../pxd/mjmodel.pxd:325:8: 'mjSENS_FRAMEANGVEL' redeclared 
warning: /usr/local/lib/python3.6/site-packages/mujoco_py/generated/../pxd/mjmodel.pxd:326:8: 'mjSENS_FRAMELINACC' redeclared 
warning: /usr/local/lib/python3.6/site-packages/mujoco_py/generated/../pxd/mjmodel.pxd:327:8: 'mjSENS_FRAMEANGACC' redeclared 
warning: /usr/local/lib/python3.6/site-packages/mujoco_py/generated/../pxd/mjmodel.pxd:330:8: 'mjSENS_SUBTREECOM' redeclared 
warning: /usr/local/lib/python3.6/site-packages/mujoco_py/generated/../pxd/mjmodel.pxd:331:8: 'mjSENS_SUBTREELINVEL' redeclared 
warning: /usr/local/lib/python3.6/site-packages/mujoco_py/generated/../pxd/mjmodel.pxd:332:8: 'mjSENS_SUBTREEANGMOM' redeclared 
warning: /usr/local/lib/python3.6/site-packages/mujoco_py/generated/../pxd/mjmodel.pxd:335:8: 'mjSENS_USER' redeclared 
warning: /usr/local/lib/python3.6/site-packages/mujoco_py/generated/../pxd/mjmodel.pxd:339:8: 'mjSTAGE_NONE' redeclared 
warning: /usr/local/lib/python3.6/site-packages/mujoco_py/generated/../pxd/mjmodel.pxd:340:8: 'mjSTAGE_POS' redeclared 
warning: /usr/local/lib/python3.6/site-packages/mujoco_py/generated/../pxd/mjmodel.pxd:341:8: 'mjSTAGE_VEL' redeclared 
warning: /usr/local/lib/python3.6/site-packages/mujoco_py/generated/../pxd/mjmodel.pxd:342:8: 'mjSTAGE_ACC' redeclared 
warning: /usr/local/lib/python3.6/site-packages/mujoco_py/generated/../pxd/mjmodel.pxd:346:8: 'mjDATATYPE_REAL' redeclared 
warning: /usr/local/lib/python3.6/site-packages/mujoco_py/generated/../pxd/mjmodel.pxd:347:8: 'mjDATATYPE_POSITIVE' redeclared 
warning: /usr/local/lib/python3.6/site-packages/mujoco_py/generated/../pxd/mjmodel.pxd:348:8: 'mjDATATYPE_AXIS' redeclared 
warning: /usr/local/lib/python3.6/site-packages/mujoco_py/generated/../pxd/mjmodel.pxd:349:8: 'mjDATATYPE_QUAT' redeclared 
warning: /usr/local/lib/python3.6/site-packages/mujoco_py/generated/../pxd/mjmodel.pxd:75:4: 'mjtNum' redeclared 
warning: /usr/local/lib/python3.6/site-packages/mujoco_py/generated/../pxd/mjmodel.pxd:77:10: 'mjPI' redeclared 
warning: /usr/local/lib/python3.6/site-packages/mujoco_py/generated/../pxd/mjmodel.pxd:78:10: 'mjMAXVAL' redeclared 
warning: /usr/local/lib/python3.6/site-packages/mujoco_py/generated/../pxd/mjmodel.pxd:79:10: 'mjMINMU' redeclared 
warning: /usr/local/lib/python3.6/site-packages/mujoco_py/generated/../pxd/mjmodel.pxd:80:10: 'mjMINIMP' redeclared 
warning: /usr/local/lib/python3.6/site-packages/mujoco_py/generated/../pxd/mjmodel.pxd:81:10: 'mjMAXIMP' redeclared 
warning: /usr/local/lib/python3.6/site-packages/mujoco_py/generated/../pxd/mjmodel.pxd:82:10: 'mjMAXCONPAIR' redeclared 
warning: /usr/local/lib/python3.6/site-packages/mujoco_py/generated/../pxd/mjmodel.pxd:83:10: 'mjMAXVFS' redeclared 
warning: /usr/local/lib/python3.6/site-packages/mujoco_py/generated/../pxd/mjmodel.pxd:84:10: 'mjMAXVFSNAME' redeclared 
warning: /usr/local/lib/python3.6/site-packages/mujoco_py/generated/../pxd/mjmodel.pxd:87:10: 'mjNEQDATA' redeclared 
warning: /usr/local/lib/python3.6/site-packages/mujoco_py/generated/../pxd/mjmodel.pxd:88:10: 'mjNDYN' redeclared 
warning: /usr/local/lib/python3.6/site-packages/mujoco_py/generated/../pxd/mjmodel.pxd:89:10: 'mjNGAIN' redeclared 
warning: /usr/local/lib/python3.6/site-packages/mujoco_py/generated/../pxd/mjmodel.pxd:90:10: 'mjNBIAS' redeclared 
warning: /usr/local/lib/python3.6/site-packages/mujoco_py/generated/../pxd/mjmodel.pxd:91:10: 'mjNREF' redeclared 
warning: /usr/local/lib/python3.6/site-packages/mujoco_py/generated/../pxd/mjmodel.pxd:92:10: 'mjNIMP' redeclared 
warning: /usr/local/lib/python3.6/site-packages/mujoco_py/generated/../pxd/mjmodel.pxd:93:10: 'mjNSOLVER' redeclared 
warning: /usr/local/lib/python3.6/site-packages/mujoco_py/generated/../pxd/mjmodel.pxd:96:4: 'mjtByte' redeclared 
warning: /usr/local/lib/python3.6/site-packages/mujoco_py/generated/../pxd/mjmodel.pxd:100:8: 'mjDSBL_CONSTRAINT' redeclared 
warning: /usr/local/lib/python3.6/site-packages/mujoco_py/generated/../pxd/mjmodel.pxd:101:8: 'mjDSBL_EQUALITY' redeclared 
warning: /usr/local/lib/python3.6/site-packages/mujoco_py/generated/../pxd/mjmodel.pxd:102:8: 'mjDSBL_FRICTIONLOSS' redeclared 
warning: /usr/local/lib/python3.6/site-packages/mujoco_py/generated/../pxd/mjmodel.pxd:103:8: 'mjDSBL_LIMIT' redeclared 
warning: /usr/local/lib/python3.6/site-packages/mujoco_py/generated/../pxd/mjmodel.pxd:104:8: 'mjDSBL_CONTACT' redeclared 
warning: /usr/local/lib/python3.6/site-packages/mujoco_py/generated/../pxd/mjmodel.pxd:105:8: 'mjDSBL_PASSIVE' redeclared 
warning: /usr/local/lib/python3.6/site-packages/mujoco_py/generated/../pxd/mjmodel.pxd:106:8: 'mjDSBL_GRAVITY' redeclared 
warning: /usr/local/lib/python3.6/site-packages/mujoco_py/generated/../pxd/mjmodel.pxd:107:8: 'mjDSBL_CLAMPCTRL' redeclared 
warning: /usr/local/lib/python3.6/site-packages/mujoco_py/generated/../pxd/mjmodel.pxd:108:8: 'mjDSBL_WARMSTART' redeclared 
warning: /usr/local/lib/python3.6/site-packages/mujoco_py/generated/../pxd/mjmodel.pxd:109:8: 'mjDSBL_FILTERPARENT' redeclared 
warning: /usr/local/lib/python3.6/site-packages/mujoco_py/generated/../pxd/mjmodel.pxd:110:8: 'mjDSBL_ACTUATION' redeclared 
warning: /usr/local/lib/python3.6/site-packages/mujoco_py/generated/../pxd/mjmodel.pxd:111:8: 'mjDSBL_REFSAFE' redeclared 
warning: /usr/local/lib/python3.6/site-packages/mujoco_py/generated/../pxd/mjmodel.pxd:112:10: 'mjNDISABLE' redeclared 
warning: /usr/local/lib/python3.6/site-packages/mujoco_py/generated/../pxd/mjmodel.pxd:115:8: 'mjENBL_OVERRIDE' redeclared 
warning: /usr/local/lib/python3.6/site-packages/mujoco_py/generated/../pxd/mjmodel.pxd:116:8: 'mjENBL_ENERGY' redeclared 
warning: /usr/local/lib/python3.6/site-packages/mujoco_py/generated/../pxd/mjmodel.pxd:117:8: 'mjENBL_FWDINV' redeclared 
warning: /usr/local/lib/python3.6/site-packages/mujoco_py/generated/../pxd/mjmodel.pxd:118:8: 'mjENBL_SENSORNOISE' redeclared 
warning: /usr/local/lib/python3.6/site-packages/mujoco_py/generated/../pxd/mjmodel.pxd:119:10: 'mjNENABLE' redeclared 
warning: /usr/local/lib/python3.6/site-packages/mujoco_py/generated/../pxd/mjmodel.pxd:122:8: 'mjJNT_FREE' redeclared 
warning: /usr/local/lib/python3.6/site-packages/mujoco_py/generated/../pxd/mjmodel.pxd:123:8: 'mjJNT_BALL' redeclared 
warning: /usr/local/lib/python3.6/site-packages/mujoco_py/generated/../pxd/mjmodel.pxd:124:8: 'mjJNT_SLIDE' redeclared 
warning: /usr/local/lib/python3.6/site-packages/mujoco_py/generated/../pxd/mjmodel.pxd:125:8: 'mjJNT_HINGE' redeclared 
warning: /usr/local/lib/python3.6/site-packages/mujoco_py/generated/../pxd/mjmodel.pxd:129:8: 'mjGEOM_PLANE' redeclared 
warning: /usr/local/lib/python3.6/site-packages/mujoco_py/generated/../pxd/mjmodel.pxd:130:8: 'mjGEOM_HFIELD' redeclared 
warning: /usr/local/lib/python3.6/site-packages/mujoco_py/generated/../pxd/mjmodel.pxd:131:8: 'mjGEOM_SPHERE' redeclared 
warning: /usr/local/lib/python3.6/site-packages/mujoco_py/generated/../pxd/mjmodel.pxd:132:8: 'mjGEOM_CAPSULE' redeclared 
warning: /usr/local/lib/python3.6/site-packages/mujoco_py/generated/../pxd/mjmodel.pxd:133:8: 'mjGEOM_ELLIPSOID' redeclared 
warning: /usr/local/lib/python3.6/site-packages/mujoco_py/generated/../pxd/mjmodel.pxd:134:8: 'mjGEOM_CYLINDER' redeclared 
warning: /usr/local/lib/python3.6/site-packages/mujoco_py/generated/../pxd/mjmodel.pxd:135:8: 'mjGEOM_BOX' redeclared 
warning: /usr/local/lib/python3.6/site-packages/mujoco_py/generated/../pxd/mjmodel.pxd:136:8: 'mjGEOM_MESH' redeclared 
warning: /usr/local/lib/python3.6/site-packages/mujoco_py/generated/../pxd/mjmodel.pxd:138:8: 'mjNGEOMTYPES' redeclared 
warning: /usr/local/lib/python3.6/site-packages/mujoco_py/generated/../pxd/mjmodel.pxd:141:8: 'mjGEOM_ARROW' redeclared 
warning: /usr/local/lib/python3.6/site-packages/mujoco_py/generated/../pxd/mjmodel.pxd:142:8: 'mjGEOM_ARROW1' redeclared 
warning: /usr/local/lib/python3.6/site-packages/mujoco_py/generated/../pxd/mjmodel.pxd:143:8: 'mjGEOM_ARROW2' redeclared 
warning: /usr/local/lib/python3.6/site-packages/mujoco_py/generated/../pxd/mjmodel.pxd:144:8: 'mjGEOM_LABEL' redeclared 
warning: /usr/local/lib/python3.6/site-packages/mujoco_py/generated/../pxd/mjmodel.pxd:146:8: 'mjGEOM_NONE' redeclared 
warning: /usr/local/lib/python3.6/site-packages/mujoco_py/generated/../pxd/mjmodel.pxd:150:8: 'mjCAMLIGHT_FIXED' redeclared 
warning: /usr/local/lib/python3.6/site-packages/mujoco_py/generated/../pxd/mjmodel.pxd:151:8: 'mjCAMLIGHT_TRACK' redeclared 
warning: /usr/local/lib/python3.6/site-packages/mujoco_py/generated/../pxd/mjmodel.pxd:152:8: 'mjCAMLIGHT_TRACKCOM' redeclared 
warning: /usr/local/lib/python3.6/site-packages/mujoco_py/generated/../pxd/mjmodel.pxd:153:8: 'mjCAMLIGHT_TARGETBODY' redeclared 
warning: /usr/local/lib/python3.6/site-packages/mujoco_py/generated/../pxd/mjmodel.pxd:154:8: 'mjCAMLIGHT_TARGETBODYCOM' redeclared 
warning: /usr/local/lib/python3.6/site-packages/mujoco_py/generated/../pxd/mjmodel.pxd:158:8: 'mjTEXTURE_2D' redeclared 
warning: /usr/local/lib/python3.6/site-packages/mujoco_py/generated/../pxd/mjmodel.pxd:159:8: 'mjTEXTURE_CUBE' redeclared 
warning: /usr/local/lib/python3.6/site-packages/mujoco_py/generated/../pxd/mjmodel.pxd:160:8: 'mjTEXTURE_SKYBOX' redeclared 
warning: /usr/local/lib/python3.6/site-packages/mujoco_py/generated/../pxd/mjmodel.pxd:164:8: 'mjINT_EULER' redeclared 
warning: /usr/local/lib/python3.6/site-packages/mujoco_py/generated/../pxd/mjmodel.pxd:165:8: 'mjINT_RK4' redeclared 
warning: /usr/local/lib/python3.6/site-packages/mujoco_py/generated/../pxd/mjmodel.pxd:169:8: 'mjCOL_ALL' redeclared 
warning: /usr/local/lib/python3.6/site-packages/mujoco_py/generated/../pxd/mjmodel.pxd:170:8: 'mjCOL_PAIR' redeclared 
warning: /usr/local/lib/python3.6/site-packages/mujoco_py/generated/../pxd/mjmodel.pxd:171:8: 'mjCOL_DYNAMIC' redeclared 
warning: /usr/local/lib/python3.6/site-packages/mujoco_py/generated/../pxd/mjmodel.pxd:175:8: 'mjCONE_PYRAMIDAL' redeclared 
warning: /usr/local/lib/python3.6/site-packages/mujoco_py/generated/../pxd/mjmodel.pxd:176:8: 'mjCONE_ELLIPTIC' redeclared 
warning: /usr/local/lib/python3.6/site-packages/mujoco_py/generated/../pxd/mjmodel.pxd:180:8: 'mjJAC_DENSE' redeclared 
warning: /usr/local/lib/python3.6/site-packages/mujoco_py/generated/../pxd/mjmodel.pxd:181:8: 'mjJAC_SPARSE' redeclared 
warning: /usr/local/lib/python3.6/site-packages/mujoco_py/generated/../pxd/mjmodel.pxd:182:8: 'mjJAC_AUTO' redeclared 
warning: /usr/local/lib/python3.6/site-packages/mujoco_py/generated/../pxd/mjmodel.pxd:186:8: 'mjSOL_PGS' redeclared 
warning: /usr/local/lib/python3.6/site-packages/mujoco_py/generated/../pxd/mjmodel.pxd:187:8: 'mjSOL_CG' redeclared 
warning: /usr/local/lib/python3.6/site-packages/mujoco_py/generated/../pxd/mjmodel.pxd:188:8: 'mjSOL_NEWTON' redeclared 
warning: /usr/local/lib/python3.6/site-packages/mujoco_py/generated/../pxd/mjmodel.pxd:192:8: 'mjIMP_CONSTANT' redeclared 
warning: /usr/local/lib/python3.6/site-packages/mujoco_py/generated/../pxd/mjmodel.pxd:193:8: 'mjIMP_SIGMOID' redeclared 
warning: /usr/local/lib/python3.6/site-packages/mujoco_py/generated/../pxd/mjmodel.pxd:194:8: 'mjIMP_LINEAR' redeclared 
warning: /usr/local/lib/python3.6/site-packages/mujoco_py/generated/../pxd/mjmodel.pxd:195:8: 'mjIMP_USER' redeclared 
warning: /usr/local/lib/python3.6/site-packages/mujoco_py/generated/../pxd/mjmodel.pxd:199:8: 'mjREF_SPRING' redeclared 
warning: /usr/local/lib/python3.6/site-packages/mujoco_py/generated/../pxd/mjmodel.pxd:200:8: 'mjREF_USER' redeclared 
warning: /usr/local/lib/python3.6/site-packages/mujoco_py/generated/../pxd/mjmodel.pxd:204:8: 'mjEQ_CONNECT' redeclared 
warning: /usr/local/lib/python3.6/site-packages/mujoco_py/generated/../pxd/mjmodel.pxd:205:8: 'mjEQ_WELD' redeclared 
warning: /usr/local/lib/python3.6/site-packages/mujoco_py/generated/../pxd/mjmodel.pxd:206:8: 'mjEQ_JOINT' redeclared 
warning: /usr/local/lib/python3.6/site-packages/mujoco_py/generated/../pxd/mjmodel.pxd:207:8: 'mjEQ_TENDON' redeclared 
warning: /usr/local/lib/python3.6/site-packages/mujoco_py/generated/../pxd/mjmodel.pxd:208:8: 'mjEQ_DISTANCE' redeclared 
warning: /usr/local/lib/python3.6/site-packages/mujoco_py/generated/../pxd/mjmodel.pxd:212:8: 'mjWRAP_NONE' redeclared 
warning: /usr/local/lib/python3.6/site-packages/mujoco_py/generated/../pxd/mjmodel.pxd:213:8: 'mjWRAP_JOINT' redeclared 
warning: /usr/local/lib/python3.6/site-packages/mujoco_py/generated/../pxd/mjmodel.pxd:214:8: 'mjWRAP_PULLEY' redeclared 
warning: /usr/local/lib/python3.6/site-packages/mujoco_py/generated/../pxd/mjmodel.pxd:215:8: 'mjWRAP_SITE' redeclared 
warning: /usr/local/lib/python3.6/site-packages/mujoco_py/generated/../pxd/mjmodel.pxd:216:8: 'mjWRAP_SPHERE' redeclared 
warning: /usr/local/lib/python3.6/site-packages/mujoco_py/generated/../pxd/mjmodel.pxd:217:8: 'mjWRAP_CYLINDER' redeclared 
warning: /usr/local/lib/python3.6/site-packages/mujoco_py/generated/../pxd/mjmodel.pxd:221:8: 'mjTRN_JOINT' redeclared 
warning: /usr/local/lib/python3.6/site-packages/mujoco_py/generated/../pxd/mjmodel.pxd:222:8: 'mjTRN_JOINTINPARENT' redeclared 
warning: /usr/local/lib/python3.6/site-packages/mujoco_py/generated/../pxd/mjmodel.pxd:223:8: 'mjTRN_SLIDERCRANK' redeclared 
warning: /usr/local/lib/python3.6/site-packages/mujoco_py/generated/../pxd/mjmodel.pxd:224:8: 'mjTRN_TENDON' redeclared 
warning: /usr/local/lib/python3.6/site-packages/mujoco_py/generated/../pxd/mjmodel.pxd:225:8: 'mjTRN_SITE' redeclared 
warning: /usr/local/lib/python3.6/site-packages/mujoco_py/generated/../pxd/mjmodel.pxd:227:8: 'mjTRN_UNDEFINED' redeclared 
warning: /usr/local/lib/python3.6/site-packages/mujoco_py/generated/../pxd/mjmodel.pxd:231:8: 'mjDYN_NONE' redeclared 
warning: /usr/local/lib/python3.6/site-packages/mujoco_py/generated/../pxd/mjmodel.pxd:232:8: 'mjDYN_INTEGRATOR' redeclared 
warning: /usr/local/lib/python3.6/site-packages/mujoco_py/generated/../pxd/mjmodel.pxd:233:8: 'mjDYN_FILTER' redeclared 
warning: /usr/local/lib/python3.6/site-packages/mujoco_py/generated/../pxd/mjmodel.pxd:234:8: 'mjDYN_USER' redeclared 
warning: /usr/local/lib/python3.6/site-packages/mujoco_py/generated/../pxd/mjmodel.pxd:238:8: 'mjGAIN_FIXED' redeclared 
warning: /usr/local/lib/python3.6/site-packages/mujoco_py/generated/../pxd/mjmodel.pxd:239:8: 'mjGAIN_USER' redeclared 
warning: /usr/local/lib/python3.6/site-packages/mujoco_py/generated/../pxd/mjmodel.pxd:243:8: 'mjBIAS_NONE' redeclared 
warning: /usr/local/lib/python3.6/site-packages/mujoco_py/generated/../pxd/mjmodel.pxd:244:8: 'mjBIAS_AFFINE' redeclared 
warning: /usr/local/lib/python3.6/site-packages/mujoco_py/generated/../pxd/mjmodel.pxd:245:8: 'mjBIAS_USER' redeclared 
warning: /usr/local/lib/python3.6/site-packages/mujoco_py/generated/../pxd/mjmodel.pxd:249:8: 'mjOBJ_UNKNOWN' redeclared 
warning: /usr/local/lib/python3.6/site-packages/mujoco_py/generated/../pxd/mjmodel.pxd:250:8: 'mjOBJ_BODY' redeclared 
warning: /usr/local/lib/python3.6/site-packages/mujoco_py/generated/../pxd/mjmodel.pxd:251:8: 'mjOBJ_XBODY' redeclared 
warning: /usr/local/lib/python3.6/site-packages/mujoco_py/generated/../pxd/mjmodel.pxd:252:8: 'mjOBJ_JOINT' redeclared 
warning: /usr/local/lib/python3.6/site-packages/mujoco_py/generated/../pxd/mjmodel.pxd:253:8: 'mjOBJ_DOF' redeclared 
warning: /usr/local/lib/python3.6/site-packages/mujoco_py/generated/../pxd/mjmodel.pxd:254:8: 'mjOBJ_GEOM' redeclared 
warning: /usr/local/lib/python3.6/site-packages/mujoco_py/generated/../pxd/mjmodel.pxd:255:8: 'mjOBJ_SITE' redeclared 
warning: /usr/local/lib/python3.6/site-packages/mujoco_py/generated/../pxd/mjmodel.pxd:256:8: 'mjOBJ_CAMERA' redeclared 
warning: /usr/local/lib/python3.6/site-packages/mujoco_py/generated/../pxd/mjmodel.pxd:257:8: 'mjOBJ_LIGHT' redeclared 
warning: /usr/local/lib/python3.6/site-packages/mujoco_py/generated/../pxd/mjmodel.pxd:258:8: 'mjOBJ_MESH' redeclared 
warning: /usr/local/lib/python3.6/site-packages/mujoco_py/generated/../pxd/mjmodel.pxd:259:8: 'mjOBJ_HFIELD' redeclared 
warning: /usr/local/lib/python3.6/site-packages/mujoco_py/generated/../pxd/mjmodel.pxd:260:8: 'mjOBJ_TEXTURE' redeclared 
warning: /usr/local/lib/python3.6/site-packages/mujoco_py/generated/../pxd/mjmodel.pxd:261:8: 'mjOBJ_MATERIAL' redeclared 
warning: /usr/local/lib/python3.6/site-packages/mujoco_py/generated/../pxd/mjmodel.pxd:262:8: 'mjOBJ_PAIR' redeclared 
warning: /usr/local/lib/python3.6/site-packages/mujoco_py/generated/../pxd/mjmodel.pxd:263:8: 'mjOBJ_EXCLUDE' redeclared 
warning: /usr/local/lib/python3.6/site-packages/mujoco_py/generated/../pxd/mjmodel.pxd:264:8: 'mjOBJ_EQUALITY' redeclared 
warning: /usr/local/lib/python3.6/site-packages/mujoco_py/generated/../pxd/mjmodel.pxd:265:8: 'mjOBJ_TENDON' redeclared 
warning: /usr/local/lib/python3.6/site-packages/mujoco_py/generated/../pxd/mjmodel.pxd:266:8: 'mjOBJ_ACTUATOR' redeclared 
warning: /usr/local/lib/python3.6/site-packages/mujoco_py/generated/../pxd/mjmodel.pxd:267:8: 'mjOBJ_SENSOR' redeclared 
warning: /usr/local/lib/python3.6/site-packages/mujoco_py/generated/../pxd/mjmodel.pxd:268:8: 'mjOBJ_NUMERIC' redeclared 
warning: /usr/local/lib/python3.6/site-packages/mujoco_py/generated/../pxd/mjmodel.pxd:269:8: 'mjOBJ_TEXT' redeclared 
warning: /usr/local/lib/python3.6/site-packages/mujoco_py/generated/../pxd/mjmodel.pxd:270:8: 'mjOBJ_TUPLE' redeclared 
warning: /usr/local/lib/python3.6/site-packages/mujoco_py/generated/../pxd/mjmodel.pxd:271:8: 'mjOBJ_KEY' redeclared 
warning: /usr/local/lib/python3.6/site-packages/mujoco_py/generated/../pxd/mjmodel.pxd:275:8: 'mjCNSTR_EQUALITY' redeclared 
warning: /usr/local/lib/python3.6/site-packages/mujoco_py/generated/../pxd/mjmodel.pxd:276:8: 'mjCNSTR_FRICTION_DOF' redeclared 
warning: /usr/local/lib/python3.6/site-packages/mujoco_py/generated/../pxd/mjmodel.pxd:277:8: 'mjCNSTR_FRICTION_TENDON' redeclared 
warning: /usr/local/lib/python3.6/site-packages/mujoco_py/generated/../pxd/mjmodel.pxd:278:8: 'mjCNSTR_LIMIT_JOINT' redeclared 
warning: /usr/local/lib/python3.6/site-packages/mujoco_py/generated/../pxd/mjmodel.pxd:279:8: 'mjCNSTR_LIMIT_TENDON' redeclared 
warning: /usr/local/lib/python3.6/site-packages/mujoco_py/generated/../pxd/mjmodel.pxd:280:8: 'mjCNSTR_CONTACT_FRICTIONLESS' redeclared 
warning: /usr/local/lib/python3.6/site-packages/mujoco_py/generated/../pxd/mjmodel.pxd:281:8: 'mjCNSTR_CONTACT_PYRAMIDAL' redeclared 
warning: /usr/local/lib/python3.6/site-packages/mujoco_py/generated/../pxd/mjmodel.pxd:282:8: 'mjCNSTR_CONTACT_ELLIPTIC' redeclared 
warning: /usr/local/lib/python3.6/site-packages/mujoco_py/generated/../pxd/mjmodel.pxd:286:8: 'mjCNSTRSTATE_SATISFIED' redeclared 
warning: /usr/local/lib/python3.6/site-packages/mujoco_py/generated/../pxd/mjmodel.pxd:287:8: 'mjCNSTRSTATE_QUADRATIC' redeclared 
warning: /usr/local/lib/python3.6/site-packages/mujoco_py/generated/../pxd/mjmodel.pxd:288:8: 'mjCNSTRSTATE_LINEARNEG' redeclared 
warning: /usr/local/lib/python3.6/site-packages/mujoco_py/generated/../pxd/mjmodel.pxd:289:8: 'mjCNSTRSTATE_LINEARPOS' redeclared 
warning: /usr/local/lib/python3.6/site-packages/mujoco_py/generated/../pxd/mjmodel.pxd:290:8: 'mjCNSTRSTATE_CONE' redeclared 
warning: /usr/local/lib/python3.6/site-packages/mujoco_py/generated/../pxd/mjmodel.pxd:296:8: 'mjSENS_TOUCH' redeclared 
warning: /usr/local/lib/python3.6/site-packages/mujoco_py/generated/../pxd/mjmodel.pxd:297:8: 'mjSENS_ACCELEROMETER' redeclared 
warning: /usr/local/lib/python3.6/site-packages/mujoco_py/generated/../pxd/mjmodel.pxd:298:8: 'mjSENS_VELOCIMETER' redeclared 
warning: /usr/local/lib/python3.6/site-packages/mujoco_py/generated/../pxd/mjmodel.pxd:299:8: 'mjSENS_GYRO' redeclared 
warning: /usr/local/lib/python3.6/site-packages/mujoco_py/generated/../pxd/mjmodel.pxd:300:8: 'mjSENS_FORCE' redeclared 
warning: /usr/local/lib/python3.6/site-packages/mujoco_py/generated/../pxd/mjmodel.pxd:301:8: 'mjSENS_TORQUE' redeclared 
warning: /usr/local/lib/python3.6/site-packages/mujoco_py/generated/../pxd/mjmodel.pxd:302:8: 'mjSENS_MAGNETOMETER' redeclared 
warning: /usr/local/lib/python3.6/site-packages/mujoco_py/generated/../pxd/mjmodel.pxd:303:8: 'mjSENS_RANGEFINDER' redeclared 
warning: /usr/local/lib/python3.6/site-packages/mujoco_py/generated/../pxd/mjmodel.pxd:306:8: 'mjSENS_JOINTPOS' redeclared 
warning: /usr/local/lib/python3.6/site-packages/mujoco_py/generated/../pxd/mjmodel.pxd:307:8: 'mjSENS_JOINTVEL' redeclared 
warning: /usr/local/lib/python3.6/site-packages/mujoco_py/generated/../pxd/mjmodel.pxd:308:8: 'mjSENS_TENDONPOS' redeclared 
warning: /usr/local/lib/python3.6/site-packages/mujoco_py/generated/../pxd/mjmodel.pxd:309:8: 'mjSENS_TENDONVEL' redeclared 
warning: /usr/local/lib/python3.6/site-packages/mujoco_py/generated/../pxd/mjmodel.pxd:310:8: 'mjSENS_ACTUATORPOS' redeclared 
warning: /usr/local/lib/python3.6/site-packages/mujoco_py/generated/../pxd/mjmodel.pxd:311:8: 'mjSENS_ACTUATORVEL' redeclared 
warning: /usr/local/lib/python3.6/site-packages/mujoco_py/generated/../pxd/mjmodel.pxd:312:8: 'mjSENS_ACTUATORFRC' redeclared 
warning: /usr/local/lib/python3.6/site-packages/mujoco_py/generated/../pxd/mjmodel.pxd:315:8: 'mjSENS_BALLQUAT' redeclared 
warning: /usr/local/lib/python3.6/site-packages/mujoco_py/generated/../pxd/mjmodel.pxd:316:8: 'mjSENS_BALLANGVEL' redeclared 
warning: /usr/local/lib/python3.6/site-packages/mujoco_py/generated/../pxd/mjmodel.pxd:319:8: 'mjSENS_FRAMEPOS' redeclared 
warning: /usr/local/lib/python3.6/site-packages/mujoco_py/generated/../pxd/mjmodel.pxd:320:8: 'mjSENS_FRAMEQUAT' redeclared 
warning: /usr/local/lib/python3.6/site-packages/mujoco_py/generated/../pxd/mjmodel.pxd:321:8: 'mjSENS_FRAMEXAXIS' redeclared 
warning: /usr/local/lib/python3.6/site-packages/mujoco_py/generated/../pxd/mjmodel.pxd:322:8: 'mjSENS_FRAMEYAXIS' redeclared 
warning: /usr/local/lib/python3.6/site-packages/mujoco_py/generated/../pxd/mjmodel.pxd:323:8: 'mjSENS_FRAMEZAXIS' redeclared 
warning: /usr/local/lib/python3.6/site-packages/mujoco_py/generated/../pxd/mjmodel.pxd:324:8: 'mjSENS_FRAMELINVEL' redeclared 
warning: /usr/local/lib/python3.6/site-packages/mujoco_py/generated/../pxd/mjmodel.pxd:325:8: 'mjSENS_FRAMEANGVEL' redeclared 
warning: /usr/local/lib/python3.6/site-packages/mujoco_py/generated/../pxd/mjmodel.pxd:326:8: 'mjSENS_FRAMELINACC' redeclared 
warning: /usr/local/lib/python3.6/site-packages/mujoco_py/generated/../pxd/mjmodel.pxd:327:8: 'mjSENS_FRAMEANGACC' redeclared 
warning: /usr/local/lib/python3.6/site-packages/mujoco_py/generated/../pxd/mjmodel.pxd:330:8: 'mjSENS_SUBTREECOM' redeclared 
warning: /usr/local/lib/python3.6/site-packages/mujoco_py/generated/../pxd/mjmodel.pxd:331:8: 'mjSENS_SUBTREELINVEL' redeclared 
warning: /usr/local/lib/python3.6/site-packages/mujoco_py/generated/../pxd/mjmodel.pxd:332:8: 'mjSENS_SUBTREEANGMOM' redeclared 
warning: /usr/local/lib/python3.6/site-packages/mujoco_py/generated/../pxd/mjmodel.pxd:335:8: 'mjSENS_USER' redeclared 
warning: /usr/local/lib/python3.6/site-packages/mujoco_py/generated/../pxd/mjmodel.pxd:339:8: 'mjSTAGE_NONE' redeclared 
warning: /usr/local/lib/python3.6/site-packages/mujoco_py/generated/../pxd/mjmodel.pxd:340:8: 'mjSTAGE_POS' redeclared 
warning: /usr/local/lib/python3.6/site-packages/mujoco_py/generated/../pxd/mjmodel.pxd:341:8: 'mjSTAGE_VEL' redeclared 
warning: /usr/local/lib/python3.6/site-packages/mujoco_py/generated/../pxd/mjmodel.pxd:342:8: 'mjSTAGE_ACC' redeclared 
warning: /usr/local/lib/python3.6/site-packages/mujoco_py/generated/../pxd/mjmodel.pxd:346:8: 'mjDATATYPE_REAL' redeclared 
Compiling /usr/local/lib/python3.6/site-packages/mujoco_py/cymj.pyx because it depends on /usr/local/lib/python3.6/site-packages/mujoco_py/pxd/mujoco.pxd.
[1/1] Cythonizing /usr/local/lib/python3.6/site-packages/mujoco_py/cymj.pyx
running build_ext
building 'mujoco_py.cymj' extension
creating /usr/local/lib/python3.6/site-packages/mujoco_py/generated/_pyxbld_1.50.1.68_36_linuxgpuextensionbuilder
creating /usr/local/lib/python3.6/site-packages/mujoco_py/generated/_pyxbld_1.50.1.68_36_linuxgpuextensionbuilder/temp.linux-x86_64-3.6
creating /usr/local/lib/python3.6/site-packages/mujoco_py/generated/_pyxbld_1.50.1.68_36_linuxgpuextensionbuilder/temp.linux-x86_64-3.6/usr
creating /usr/local/lib/python3.6/site-packages/mujoco_py/generated/_pyxbld_1.50.1.68_36_linuxgpuextensionbuilder/temp.linux-x86_64-3.6/usr/local
creating /usr/local/lib/python3.6/site-packages/mujoco_py/generated/_pyxbld_1.50.1.68_36_linuxgpuextensionbuilder/temp.linux-x86_64-3.6/usr/local/lib
creating /usr/local/lib/python3.6/site-packages/mujoco_py/generated/_pyxbld_1.50.1.68_36_linuxgpuextensionbuilder/temp.linux-x86_64-3.6/usr/local/lib/python3.6
creating /usr/local/lib/python3.6/site-packages/mujoco_py/generated/_pyxbld_1.50.1.68_36_linuxgpuextensionbuilder/temp.linux-x86_64-3.6/usr/local/lib/python3.6/site-packages
creating /usr/local/lib/python3.6/site-packages/mujoco_py/generated/_pyxbld_1.50.1.68_36_linuxgpuextensionbuilder/temp.linux-x86_64-3.6/usr/local/lib/python3.6/site-packages/mujoco_py
creating /usr/local/lib/python3.6/site-packages/mujoco_py/generated/_pyxbld_1.50.1.68_36_linuxgpuextensionbuilder/temp.linux-x86_64-3.6/usr/local/lib/python3.6/site-packages/mujoco_py/gl
gcc -pthread -Wno-unused-result -Wsign-compare -DNDEBUG -g -fwrapv -O3 -Wall -fPIC -I/usr/local/lib/python3.6/site-packages/mujoco_py -I/root/.mujoco/mjpro150/include -I/usr/local/lib/python3.6/site-packages/numpy/core/include -I/usr/local/lib/python3.6/site-packages/mujoco_py/vendor/egl -I/usr/local/include/python3.6m -c /usr/local/lib/python3.6/site-packages/mujoco_py/cymj.c -o /usr/local/lib/python3.6/site-packages/mujoco_py/generated/_pyxbld_1.50.1.68_36_linuxgpuextensionbuilder/temp.linux-x86_64-3.6/usr/local/lib/python3.6/site-packages/mujoco_py/cymj.o -fopenmp -w
gcc -pthread -Wno-unused-result -Wsign-compare -DNDEBUG -g -fwrapv -O3 -Wall -fPIC -I/usr/local/lib/python3.6/site-packages/mujoco_py -I/root/.mujoco/mjpro150/include -I/usr/local/lib/python3.6/site-packages/numpy/core/include -I/usr/local/lib/python3.6/site-packages/mujoco_py/vendor/egl -I/usr/local/include/python3.6m -c /usr/local/lib/python3.6/site-packages/mujoco_py/gl/eglshim.c -o /usr/local/lib/python3.6/site-packages/mujoco_py/generated/_pyxbld_1.50.1.68_36_linuxgpuextensionbuilder/temp.linux-x86_64-3.6/usr/local/lib/python3.6/site-packages/mujoco_py/gl/eglshim.o -fopenmp -w
creating /usr/local/lib/python3.6/site-packages/mujoco_py/generated/_pyxbld_1.50.1.68_36_linuxgpuextensionbuilder/lib.linux-x86_64-3.6
creating /usr/local/lib/python3.6/site-packages/mujoco_py/generated/_pyxbld_1.50.1.68_36_linuxgpuextensionbuilder/lib.linux-x86_64-3.6/mujoco_py
gcc -pthread -shared /usr/local/lib/python3.6/site-packages/mujoco_py/generated/_pyxbld_1.50.1.68_36_linuxgpuextensionbuilder/temp.linux-x86_64-3.6/usr/local/lib/python3.6/site-packages/mujoco_py/cymj.o /usr/local/lib/python3.6/site-packages/mujoco_py/generated/_pyxbld_1.50.1.68_36_linuxgpuextensionbuilder/temp.linux-x86_64-3.6/usr/local/lib/python3.6/site-packages/mujoco_py/gl/eglshim.o -L/root/.mujoco/mjpro150/bin -Wl,--enable-new-dtags,-R/root/.mujoco/mjpro150/bin -lmujoco150 -lglewegl -o /usr/local/lib/python3.6/site-packages/mujoco_py/generated/_pyxbld_1.50.1.68_36_linuxgpuextensionbuilder/lib.linux-x86_64-3.6/mujoco_py/cymj.cpython-36m-x86_64-linux-gnu.so -fopenmp
warning: /usr/local/lib/python3.6/site-packages/mujoco_py/generated/../pxd/mjmodel.pxd:347:8: 'mjDATATYPE_POSITIVE' redeclared 
warning: /usr/local/lib/python3.6/site-packages/mujoco_py/generated/../pxd/mjmodel.pxd:348:8: 'mjDATATYPE_AXIS' redeclared 
warning: /usr/local/lib/python3.6/site-packages/mujoco_py/generated/../pxd/mjmodel.pxd:349:8: 'mjDATATYPE_QUAT' redeclared 
Downloading: "https://download.pytorch.org/models/mobilenet_v3_small-047dcff4.pth" to /root/.cache/torch/hub/checkpoints/mobilenet_v3_small-047dcff4.pth
/root/trainer
Using cuda device
  0%|          | 0.00/9.83M [00:00<?, ?B/s]  0%|          | 8.00k/9.83M [00:00<03:42, 46.3kB/s]  0%|          | 32.0k/9.83M [00:00<01:41, 101kB/s]   1%|          | 88.0k/9.83M [00:00<00:51, 199kB/s]  2%|         | 208k/9.83M [00:00<00:26, 387kB/s]   4%|         | 424k/9.83M [00:00<00:14, 688kB/s]  9%|         | 872k/9.83M [00:01<00:07, 1.30MB/s] 18%|        | 1.73M/9.83M [00:01<00:03, 2.42MB/s] 35%|      | 3.46M/9.83M [00:01<00:01, 4.82MB/s] 61%|    | 5.99M/9.83M [00:01<00:00, 8.04MB/s] 87%| | 8.51M/9.83M [00:01<00:00, 9.67MB/s]100%|| 9.83M/9.83M [00:01<00:00, 5.48MB/s]2021-11-30 16:18:25.380042: W tensorflow/stream_executor/platform/default/dso_loader.cc:64] Could not load dynamic library 'libcudart.so.11.0'; dlerror: libcudart.so.11.0: cannot open shared object file: No such file or directory; LD_LIBRARY_PATH: /usr/lib/nvidia-470:/usr/local/cuda/lib64:/root/.mujoco/mjpro150/bin:/usr/local/nvidia/lib:/usr/local/nvidia/lib64
2021-11-30 16:18:25.384434: I tensorflow/stream_executor/cuda/cudart_stub.cc:29] Ignore above cudart dlerror if you do not have a GPU set up on your machine.
Logging to assets/out/models/exp6/TD3_16
Found 1 GPUs for rendering. Using device 0.
Terminated
2021-11-30 17:00:43.123504: W tensorflow/stream_executor/platform/default/dso_loader.cc:64] Could not load dynamic library 'libcudart.so.11.0'; dlerror: libcudart.so.11.0: cannot open shared object file: No such file or directory; LD_LIBRARY_PATH: /usr/lib/nvidia-470:/usr/local/cuda/lib64:/root/.mujoco/mjpro150/bin:/usr/local/nvidia/lib:/usr/local/nvidia/lib64
2021-11-30 17:00:43.123579: I tensorflow/stream_executor/cuda/cudart_stub.cc:29] Ignore above cudart dlerror if you do not have a GPU set up on your machine.
/root/trainer
Using cuda device
Logging to assets/out/models/exp6/TD3_21
Found 1 GPUs for rendering. Using device 0.
----------------------------------
| rollout/            |          |
|    ep_len_mean      | 1.5e+03  |
|    ep_rew_mean      | -57.3    |
| time/               |          |
|    episodes         | 4        |
|    fps              | 3        |
|    time_elapsed     | 1534     |
|    total timesteps  | 6004     |
| train/              |          |
|    actor_loss       | 0.213    |
|    critic_loss      | 63       |
|    learning_rate    | 0.0007   |
|    n_updates        | 1835     |
|    total_actor_loss | 0.968    |
|    value_loss       | 0.755    |
----------------------------------
Eval num_timesteps=10000, episode_reward=-46.38 +/- 105.30
Episode length: 1501.00 +/- 0.00
----------------------------------
| eval/               |          |
|    mean_ep_length   | 1.5e+03  |
|    mean_reward      | -46.4    |
| time/               |          |
|    total_timesteps  | 10000    |
| train/              |          |
|    actor_loss       | -0.0087  |
|    critic_loss      | 0.658    |
|    learning_rate    | 0.0007   |
|    n_updates        | 3165     |
|    total_actor_loss | 0.463    |
|    value_loss       | 0.471    |
----------------------------------
New best mean reward!
----------------------------------
| rollout/            |          |
|    ep_len_mean      | 1.5e+03  |
|    ep_rew_mean      | -65.5    |
| time/               |          |
|    episodes         | 8        |
|    fps              | 3        |
|    time_elapsed     | 3725     |
|    total timesteps  | 12008    |
| train/              |          |
|    actor_loss       | 0.0755   |
|    critic_loss      | 1.66     |
|    learning_rate    | 0.0007   |
|    n_updates        | 3835     |
|    total_actor_loss | 1.33     |
|    value_loss       | 1.25     |
----------------------------------
[W python_anomaly_mode.cpp:104] Warning: Error detected in ExpBackward. Traceback of forward call that caused the error:
  File "train.py", line 39, in <module>
    model.learn(args.timesteps)
  File "/root/trainer/learning/explore.py", line 78, in learn
    callback = self.rl_callback
  File "/root/trainer/utils/td3_utils.py", line 507, in learn
    reset_num_timesteps=reset_num_timesteps,
  File "/usr/local/lib/python3.6/site-packages/stable_baselines3/common/off_policy_algorithm.py", line 369, in learn
    self.train(batch_size=self.batch_size, gradient_steps=gradient_steps)
  File "/root/trainer/utils/td3_utils.py", line 461, in train
    actions, vt = self.actor(replay_data.observations)
  File "/usr/local/lib/python3.6/site-packages/torch/nn/modules/module.py", line 1051, in _call_impl
    return forward_call(*input, **kwargs)
  File "/root/trainer/utils/td3_utils.py", line 90, in forward
    return self.mu(features)
  File "/usr/local/lib/python3.6/site-packages/torch/nn/modules/module.py", line 1051, in _call_impl
    return forward_call(*input, **kwargs)
  File "/root/trainer/bg/models.py", line 238, in forward
    bg_out, vt  = self.bg([stimulus_t, stimulus_t_1])
  File "/usr/local/lib/python3.6/site-packages/torch/nn/modules/module.py", line 1051, in _call_impl
    return forward_call(*input, **kwargs)
  File "/root/trainer/bg/models.py", line 85, in forward
    lamd1 = 1 / (1 + torch.exp(-self.log_a1.exp() * (deltavf - self.thetad1)))
 (function _print_stack)
Traceback (most recent call last):
  File "train.py", line 39, in <module>
    model.learn(args.timesteps)
  File "/root/trainer/learning/explore.py", line 78, in learn
    callback = self.rl_callback
  File "/root/trainer/utils/td3_utils.py", line 507, in learn
    reset_num_timesteps=reset_num_timesteps,
  File "/usr/local/lib/python3.6/site-packages/stable_baselines3/common/off_policy_algorithm.py", line 369, in learn
    self.train(batch_size=self.batch_size, gradient_steps=gradient_steps)
  File "/root/trainer/utils/td3_utils.py", line 470, in train
    loss.backward()
  File "/usr/local/lib/python3.6/site-packages/torch/_tensor.py", line 255, in backward
    torch.autograd.backward(self, gradient, retain_graph, create_graph, inputs=inputs)
  File "/usr/local/lib/python3.6/site-packages/torch/autograd/__init__.py", line 149, in backward
    allow_unreachable=True, accumulate_grad=True)  # allow_unreachable flag
RuntimeError: Function 'ExpBackward' returned nan values in its 0th output.
2021-11-30 19:28:40.888908: W tensorflow/stream_executor/platform/default/dso_loader.cc:64] Could not load dynamic library 'libcudart.so.11.0'; dlerror: libcudart.so.11.0: cannot open shared object file: No such file or directory; LD_LIBRARY_PATH: /usr/lib/nvidia-470:/usr/local/cuda/lib64:/root/.mujoco/mjpro150/bin:/usr/local/nvidia/lib:/usr/local/nvidia/lib64
2021-11-30 19:28:40.888982: I tensorflow/stream_executor/cuda/cudart_stub.cc:29] Ignore above cudart dlerror if you do not have a GPU set up on your machine.
/root/trainer
Using cuda device
Logging to assets/out/models/exp6/TD3_22
Found 1 GPUs for rendering. Using device 0.
Terminated
2021-11-30 19:46:22.502750: W tensorflow/stream_executor/platform/default/dso_loader.cc:64] Could not load dynamic library 'libcudart.so.11.0'; dlerror: libcudart.so.11.0: cannot open shared object file: No such file or directory; LD_LIBRARY_PATH: /usr/lib/nvidia-470:/usr/local/cuda/lib64:/root/.mujoco/mjpro150/bin:/usr/local/nvidia/lib:/usr/local/nvidia/lib64
2021-11-30 19:46:22.502801: I tensorflow/stream_executor/cuda/cudart_stub.cc:29] Ignore above cudart dlerror if you do not have a GPU set up on your machine.
/root/trainer
Using cuda device
Logging to assets/out/models/exp6/TD3_23
Found 1 GPUs for rendering. Using device 0.
----------------------------------
| rollout/            |          |
|    ep_len_mean      | 1.5e+03  |
|    ep_rew_mean      | -1.53    |
| time/               |          |
|    episodes         | 4        |
|    fps              | 3        |
|    time_elapsed     | 1533     |
|    total timesteps  | 6004     |
| train/              |          |
|    actor_loss       | 0.1      |
|    critic_loss      | 1.33     |
|    learning_rate    | 0.0007   |
|    n_updates        | 1835     |
|    total_actor_loss | 0.216    |
|    value_loss       | 0.116    |
----------------------------------
Eval num_timesteps=9000, episode_reward=-26.24 +/- 17.30
Episode length: 1501.00 +/- 0.00
----------------------------------
| eval/               |          |
|    mean_ep_length   | 1.5e+03  |
|    mean_reward      | -26.2    |
| time/               |          |
|    total_timesteps  | 9000     |
| train/              |          |
|    actor_loss       | 0.122    |
|    critic_loss      | 0.09     |
|    learning_rate    | 0.0007   |
|    n_updates        | 2830     |
|    total_actor_loss | 0.2      |
|    value_loss       | 0.078    |
----------------------------------
New best mean reward!
----------------------------------
| rollout/            |          |
|    ep_len_mean      | 1.5e+03  |
|    ep_rew_mean      | 19.5     |
| time/               |          |
|    episodes         | 8        |
|    fps              | 3        |
|    time_elapsed     | 3692     |
|    total timesteps  | 12008    |
| train/              |          |
|    actor_loss       | 0.057    |
|    critic_loss      | 0.116    |
|    learning_rate    | 0.0007   |
|    n_updates        | 3835     |
|    total_actor_loss | 0.0993   |
|    value_loss       | 0.0424   |
----------------------------------
Eval num_timesteps=18000, episode_reward=-29.74 +/- 7.66
Episode length: 1501.00 +/- 0.00
----------------------------------
| eval/               |          |
|    mean_ep_length   | 1.5e+03  |
|    mean_reward      | -29.7    |
| time/               |          |
|    total_timesteps  | 18000    |
| train/              |          |
|    actor_loss       | -0.0846  |
|    critic_loss      | 0.483    |
|    learning_rate    | 0.0007   |
|    n_updates        | 5830     |
|    total_actor_loss | 0.193    |
|    value_loss       | 0.278    |
----------------------------------
----------------------------------
| rollout/            |          |
|    ep_len_mean      | 1.5e+03  |
|    ep_rew_mean      | 34       |
| time/               |          |
|    episodes         | 12       |
|    fps              | 3        |
|    time_elapsed     | 5871     |
|    total timesteps  | 18012    |
| train/              |          |
|    actor_loss       | -0.08    |
|    critic_loss      | 0.988    |
|    learning_rate    | 0.0007   |
|    n_updates        | 5835     |
|    total_actor_loss | 0.362    |
|    value_loss       | 0.442    |
----------------------------------
----------------------------------
| rollout/            |          |
|    ep_len_mean      | 1.5e+03  |
|    ep_rew_mean      | 33.7     |
| time/               |          |
|    episodes         | 16       |
|    fps              | 3        |
|    time_elapsed     | 7528     |
|    total timesteps  | 24016    |
| train/              |          |
|    actor_loss       | -0.195   |
|    critic_loss      | 0.682    |
|    learning_rate    | 0.0007   |
|    n_updates        | 7840     |
|    total_actor_loss | 0.0702   |
|    value_loss       | 0.265    |
----------------------------------
Eval num_timesteps=27000, episode_reward=59.64 +/- 32.30
Episode length: 1501.00 +/- 0.00
----------------------------------
| eval/               |          |
|    mean_ep_length   | 1.5e+03  |
|    mean_reward      | 59.6     |
| time/               |          |
|    total_timesteps  | 27000    |
| train/              |          |
|    actor_loss       | -0.166   |
|    critic_loss      | 0.262    |
|    learning_rate    | 0.0007   |
|    n_updates        | 8830     |
|    total_actor_loss | -0.011   |
|    value_loss       | 0.155    |
----------------------------------
New best mean reward!
----------------------------------
| rollout/            |          |
|    ep_len_mean      | 1.5e+03  |
|    ep_rew_mean      | 33.3     |
| time/               |          |
|    episodes         | 20       |
|    fps              | 3        |
|    time_elapsed     | 9697     |
|    total timesteps  | 30020    |
| train/              |          |
|    actor_loss       | -0.127   |
|    critic_loss      | 0.294    |
|    learning_rate    | 0.0007   |
|    n_updates        | 9840     |
|    total_actor_loss | 0.0436   |
|    value_loss       | 0.171    |
----------------------------------
Eval num_timesteps=36000, episode_reward=5.38 +/- 41.49
Episode length: 1501.00 +/- 0.00
----------------------------------
| eval/               |          |
|    mean_ep_length   | 1.5e+03  |
|    mean_reward      | 5.38     |
| time/               |          |
|    total_timesteps  | 36000    |
| train/              |          |
|    actor_loss       | -0.251   |
|    critic_loss      | 0.219    |
|    learning_rate    | 0.0007   |
|    n_updates        | 11830    |
|    total_actor_loss | -0.188   |
|    value_loss       | 0.0632   |
----------------------------------
----------------------------------
| rollout/            |          |
|    ep_len_mean      | 1.5e+03  |
|    ep_rew_mean      | 31.2     |
| time/               |          |
|    episodes         | 24       |
|    fps              | 3        |
|    time_elapsed     | 11849    |
|    total timesteps  | 36024    |
| train/              |          |
|    actor_loss       | -0.283   |
|    critic_loss      | 0.205    |
|    learning_rate    | 0.0007   |
|    n_updates        | 11840    |
|    total_actor_loss | -0.121   |
|    value_loss       | 0.162    |
----------------------------------
