2021-12-20 21:29:45.470789: W tensorflow/stream_executor/platform/default/dso_loader.cc:64] Could not load dynamic library 'libcudart.so.11.0'; dlerror: libcudart.so.11.0: cannot open shared object file: No such file or directory; LD_LIBRARY_PATH: :/home/shandilya/.mujoco/mjpro150/bin
2021-12-20 21:29:45.470837: I tensorflow/stream_executor/cuda/cudart_stub.cc:29] Ignore above cudart dlerror if you do not have a GPU set up on your machine.
/home/shandilya/Desktop/Projects/NavigationController
Env Type: maze
Task: GoalRewardNoObstacle
Model: <class 'utils.td3_utils.TD3SS'>
Policy: MlpPolicy
Replay Buffer: None
Using cpu device
2880
2880
Logging to assets/out/models/exp20/TD3_8
The X11 connection broke (error 1). Did the X11 server die?
2021-12-20 21:51:51.896866: W tensorflow/stream_executor/platform/default/dso_loader.cc:64] Could not load dynamic library 'libcudart.so.11.0'; dlerror: libcudart.so.11.0: cannot open shared object file: No such file or directory; LD_LIBRARY_PATH: :/home/shandilya/.mujoco/mjpro150/bin
2021-12-20 21:51:51.896912: I tensorflow/stream_executor/cuda/cudart_stub.cc:29] Ignore above cudart dlerror if you do not have a GPU set up on your machine.
/home/shandilya/Desktop/Projects/NavigationController
Env Type: maze
Task: GoalRewardNoObstacle
Model: <class 'utils.td3_utils.TD3SS'>
Policy: MlpPolicy
Replay Buffer: None
Using cpu device
2880
2880
Logging to assets/out/models/exp20/TD3_9
---------------------------------
| rollout/           |          |
|    ep_len_mean     | 99.2     |
|    ep_rew_mean     | -9.97    |
| time/              |          |
|    episodes        | 4        |
|    fps             | 4        |
|    time_elapsed    | 80       |
|    total timesteps | 397      |
| train/             |          |
|    actor_loss      | 1.46     |
|    critic_loss     | 2.19     |
|    learning_rate   | 0.001    |
|    n_updates       | 374      |
---------------------------------
---------------------------------
| rollout/           |          |
|    ep_len_mean     | 63.2     |
|    ep_rew_mean     | -9.82    |
| time/              |          |
|    episodes        | 8        |
|    fps             | 5        |
|    time_elapsed    | 100      |
|    total timesteps | 506      |
| train/             |          |
|    actor_loss      | 6.63     |
|    critic_loss     | 4.18     |
|    learning_rate   | 0.001    |
|    n_updates       | 475      |
---------------------------------
---------------------------------
| rollout/           |          |
|    ep_len_mean     | 51.4     |
|    ep_rew_mean     | -9.8     |
| time/              |          |
|    episodes        | 12       |
|    fps             | 5        |
|    time_elapsed    | 122      |
|    total timesteps | 617      |
| train/             |          |
|    actor_loss      | 26.3     |
|    critic_loss     | 76       |
|    learning_rate   | 0.000999 |
|    n_updates       | 592      |
---------------------------------
---------------------------------
| rollout/           |          |
|    ep_len_mean     | 44.8     |
|    ep_rew_mean     | -9.75    |
| time/              |          |
|    episodes        | 16       |
|    fps             | 4        |
|    time_elapsed    | 149      |
|    total timesteps | 716      |
| train/             |          |
|    actor_loss      | 48.4     |
|    critic_loss     | 375      |
|    learning_rate   | 0.000999 |
|    n_updates       | 688      |
---------------------------------
---------------------------------
| rollout/           |          |
|    ep_len_mean     | 41.1     |
|    ep_rew_mean     | -9.73    |
| time/              |          |
|    episodes        | 20       |
|    fps             | 4        |
|    time_elapsed    | 172      |
|    total timesteps | 822      |
| train/             |          |
|    actor_loss      | 55.2     |
|    critic_loss     | 376      |
|    learning_rate   | 0.000999 |
|    n_updates       | 798      |
---------------------------------
---------------------------------
| rollout/           |          |
|    ep_len_mean     | 39.1     |
|    ep_rew_mean     | -9.73    |
| time/              |          |
|    episodes        | 24       |
|    fps             | 4        |
|    time_elapsed    | 197      |
|    total timesteps | 939      |
| train/             |          |
|    actor_loss      | 15.8     |
|    critic_loss     | 14.3     |
|    learning_rate   | 0.000999 |
|    n_updates       | 915      |
---------------------------------
---------------------------------
| rollout/           |          |
|    ep_len_mean     | 36.9     |
|    ep_rew_mean     | -9.73    |
| time/              |          |
|    episodes        | 28       |
|    fps             | 4        |
|    time_elapsed    | 217      |
|    total timesteps | 1034     |
| train/             |          |
|    actor_loss      | 12.6     |
|    critic_loss     | 0.171    |
|    learning_rate   | 0.000999 |
|    n_updates       | 1010     |
---------------------------------
---------------------------------
| rollout/           |          |
|    ep_len_mean     | 35.9     |
|    ep_rew_mean     | -9.73    |
| time/              |          |
|    episodes        | 32       |
|    fps             | 4        |
|    time_elapsed    | 240      |
|    total timesteps | 1149     |
| train/             |          |
|    actor_loss      | 12.8     |
|    critic_loss     | 0.348    |
|    learning_rate   | 0.000999 |
|    n_updates       | 1122     |
---------------------------------
---------------------------------
| rollout/           |          |
|    ep_len_mean     | 35.1     |
|    ep_rew_mean     | -9.73    |
| time/              |          |
|    episodes        | 36       |
|    fps             | 4        |
|    time_elapsed    | 263      |
|    total timesteps | 1265     |
| train/             |          |
|    actor_loss      | 12.8     |
|    critic_loss     | 0.202    |
|    learning_rate   | 0.000999 |
|    n_updates       | 1239     |
---------------------------------
---------------------------------
| rollout/           |          |
|    ep_len_mean     | 34.2     |
|    ep_rew_mean     | -9.71    |
| time/              |          |
|    episodes        | 40       |
|    fps             | 4        |
|    time_elapsed    | 285      |
|    total timesteps | 1370     |
| train/             |          |
|    actor_loss      | 12.6     |
|    critic_loss     | 0.169    |
|    learning_rate   | 0.000999 |
|    n_updates       | 1342     |
---------------------------------
---------------------------------
| rollout/           |          |
|    ep_len_mean     | 33.8     |
|    ep_rew_mean     | -9.72    |
| time/              |          |
|    episodes        | 44       |
|    fps             | 4        |
|    time_elapsed    | 310      |
|    total timesteps | 1485     |
| train/             |          |
|    actor_loss      | 12.6     |
|    critic_loss     | 0.254    |
|    learning_rate   | 0.000999 |
|    n_updates       | 1460     |
---------------------------------
---------------------------------
| rollout/           |          |
|    ep_len_mean     | 33.4     |
|    ep_rew_mean     | -9.72    |
| time/              |          |
|    episodes        | 48       |
|    fps             | 4        |
|    time_elapsed    | 333      |
|    total timesteps | 1603     |
| train/             |          |
|    actor_loss      | 12.5     |
|    critic_loss     | 0.155    |
|    learning_rate   | 0.000998 |
|    n_updates       | 1561     |
---------------------------------
---------------------------------
| rollout/           |          |
|    ep_len_mean     | 32.9     |
|    ep_rew_mean     | -9.72    |
| time/              |          |
|    episodes        | 52       |
|    fps             | 4        |
|    time_elapsed    | 359      |
|    total timesteps | 1713     |
| train/             |          |
|    actor_loss      | 12.2     |
|    critic_loss     | 0.156    |
|    learning_rate   | 0.000998 |
|    n_updates       | 1684     |
---------------------------------
---------------------------------
| rollout/           |          |
|    ep_len_mean     | 32.6     |
|    ep_rew_mean     | -9.73    |
| time/              |          |
|    episodes        | 56       |
|    fps             | 4        |
|    time_elapsed    | 381      |
|    total timesteps | 1826     |
| train/             |          |
|    actor_loss      | 12.1     |
|    critic_loss     | 0.13     |
|    learning_rate   | 0.000998 |
|    n_updates       | 1790     |
---------------------------------
---------------------------------
| rollout/           |          |
|    ep_len_mean     | 32.4     |
|    ep_rew_mean     | -9.73    |
| time/              |          |
|    episodes        | 60       |
|    fps             | 4        |
|    time_elapsed    | 408      |
|    total timesteps | 1944     |
| train/             |          |
|    actor_loss      | 12       |
|    critic_loss     | 0.13     |
|    learning_rate   | 0.000998 |
|    n_updates       | 1919     |
---------------------------------
---------------------------------
| rollout/           |          |
|    ep_len_mean     | 32.2     |
|    ep_rew_mean     | -9.73    |
| time/              |          |
|    episodes        | 64       |
|    fps             | 4        |
|    time_elapsed    | 433      |
|    total timesteps | 2062     |
| train/             |          |
|    actor_loss      | 11.7     |
|    critic_loss     | 0.0682   |
|    learning_rate   | 0.000998 |
|    n_updates       | 2033     |
---------------------------------
---------------------------------
| rollout/           |          |
|    ep_len_mean     | 32.1     |
|    ep_rew_mean     | -9.74    |
| time/              |          |
|    episodes        | 68       |
|    fps             | 4        |
|    time_elapsed    | 458      |
|    total timesteps | 2181     |
| train/             |          |
|    actor_loss      | 11.6     |
|    critic_loss     | 0.0504   |
|    learning_rate   | 0.000998 |
|    n_updates       | 2153     |
---------------------------------
---------------------------------
| rollout/           |          |
|    ep_len_mean     | 31.9     |
|    ep_rew_mean     | -9.73    |
| time/              |          |
|    episodes        | 72       |
|    fps             | 4        |
|    time_elapsed    | 483      |
|    total timesteps | 2296     |
| train/             |          |
|    actor_loss      | 11.5     |
|    critic_loss     | 0.0333   |
|    learning_rate   | 0.000998 |
|    n_updates       | 2273     |
---------------------------------
---------------------------------
| rollout/           |          |
|    ep_len_mean     | 31.7     |
|    ep_rew_mean     | -9.73    |
| time/              |          |
|    episodes        | 76       |
|    fps             | 4        |
|    time_elapsed    | 507      |
|    total timesteps | 2409     |
| train/             |          |
|    actor_loss      | 11.3     |
|    critic_loss     | 0.018    |
|    learning_rate   | 0.000998 |
|    n_updates       | 2385     |
---------------------------------
---------------------------------
| rollout/           |          |
|    ep_len_mean     | 31.5     |
|    ep_rew_mean     | -9.73    |
| time/              |          |
|    episodes        | 80       |
|    fps             | 4        |
|    time_elapsed    | 529      |
|    total timesteps | 2519     |
| train/             |          |
|    actor_loss      | 11.1     |
|    critic_loss     | 0.00859  |
|    learning_rate   | 0.000998 |
|    n_updates       | 2488     |
---------------------------------
---------------------------------
| rollout/           |          |
|    ep_len_mean     | 31.8     |
|    ep_rew_mean     | -9.74    |
| time/              |          |
|    episodes        | 84       |
|    fps             | 4        |
|    time_elapsed    | 560      |
|    total timesteps | 2670     |
| train/             |          |
|    actor_loss      | 11       |
|    critic_loss     | 0.00273  |
|    learning_rate   | 0.000997 |
|    n_updates       | 2638     |
---------------------------------
---------------------------------
| rollout/           |          |
|    ep_len_mean     | 31.7     |
|    ep_rew_mean     | -9.73    |
| time/              |          |
|    episodes        | 88       |
|    fps             | 4        |
|    time_elapsed    | 586      |
|    total timesteps | 2788     |
| train/             |          |
|    actor_loss      | 10.9     |
|    critic_loss     | 0.00305  |
|    learning_rate   | 0.000997 |
|    n_updates       | 2764     |
---------------------------------
---------------------------------
| rollout/           |          |
|    ep_len_mean     | 31.4     |
|    ep_rew_mean     | -9.73    |
| time/              |          |
|    episodes        | 92       |
|    fps             | 4        |
|    time_elapsed    | 607      |
|    total timesteps | 2891     |
| train/             |          |
|    actor_loss      | 10.8     |
|    critic_loss     | 0.00722  |
|    learning_rate   | 0.000997 |
|    n_updates       | 2864     |
---------------------------------
---------------------------------
| rollout/           |          |
|    ep_len_mean     | 31.4     |
|    ep_rew_mean     | -9.73    |
| time/              |          |
|    episodes        | 96       |
|    fps             | 4        |
|    time_elapsed    | 633      |
|    total timesteps | 3011     |
| train/             |          |
|    actor_loss      | 10.6     |
|    critic_loss     | 0.0126   |
|    learning_rate   | 0.000997 |
|    n_updates       | 2984     |
---------------------------------
---------------------------------
| rollout/           |          |
|    ep_len_mean     | 31.2     |
|    ep_rew_mean     | -9.73    |
| time/              |          |
|    episodes        | 100      |
|    fps             | 4        |
|    time_elapsed    | 657      |
|    total timesteps | 3125     |
| train/             |          |
|    actor_loss      | 10.5     |
|    critic_loss     | 0.0281   |
|    learning_rate   | 0.000997 |
|    n_updates       | 3101     |
---------------------------------
---------------------------------
| rollout/           |          |
|    ep_len_mean     | 28.3     |
|    ep_rew_mean     | -9.71    |
| time/              |          |
|    episodes        | 104      |
|    fps             | 4        |
|    time_elapsed    | 678      |
|    total timesteps | 3225     |
| train/             |          |
|    actor_loss      | 10.4     |
|    critic_loss     | 0.0419   |
|    learning_rate   | 0.000997 |
|    n_updates       | 3202     |
---------------------------------
---------------------------------
| rollout/           |          |
|    ep_len_mean     | 28.5     |
|    ep_rew_mean     | -9.72    |
| time/              |          |
|    episodes        | 108      |
|    fps             | 4        |
|    time_elapsed    | 703      |
|    total timesteps | 3353     |
| train/             |          |
|    actor_loss      | 10.2     |
|    critic_loss     | 0.0456   |
|    learning_rate   | 0.000997 |
|    n_updates       | 3320     |
---------------------------------
---------------------------------
| rollout/           |          |
|    ep_len_mean     | 28.5     |
|    ep_rew_mean     | -9.72    |
| time/              |          |
|    episodes        | 112      |
|    fps             | 4        |
|    time_elapsed    | 728      |
|    total timesteps | 3468     |
| train/             |          |
|    actor_loss      | 10.1     |
|    critic_loss     | 0.072    |
|    learning_rate   | 0.000997 |
|    n_updates       | 3439     |
---------------------------------
---------------------------------
| rollout/           |          |
|    ep_len_mean     | 28.6     |
|    ep_rew_mean     | -9.72    |
| time/              |          |
|    episodes        | 116      |
|    fps             | 4        |
|    time_elapsed    | 751      |
|    total timesteps | 3577     |
| train/             |          |
|    actor_loss      | 10       |
|    critic_loss     | 0.133    |
|    learning_rate   | 0.000996 |
|    n_updates       | 3550     |
---------------------------------
---------------------------------
| rollout/           |          |
|    ep_len_mean     | 28.7     |
|    ep_rew_mean     | -9.72    |
| time/              |          |
|    episodes        | 120      |
|    fps             | 4        |
|    time_elapsed    | 776      |
|    total timesteps | 3693     |
| train/             |          |
|    actor_loss      | 9.9      |
|    critic_loss     | 0.138    |
|    learning_rate   | 0.000996 |
|    n_updates       | 3666     |
---------------------------------
---------------------------------
| rollout/           |          |
|    ep_len_mean     | 28.9     |
|    ep_rew_mean     | -9.72    |
| time/              |          |
|    episodes        | 124      |
|    fps             | 4        |
|    time_elapsed    | 803      |
|    total timesteps | 3824     |
| train/             |          |
|    actor_loss      | 9.73     |
|    critic_loss     | 0.131    |
|    learning_rate   | 0.000996 |
|    n_updates       | 3800     |
---------------------------------
---------------------------------
| rollout/           |          |
|    ep_len_mean     | 29.1     |
|    ep_rew_mean     | -9.72    |
| time/              |          |
|    episodes        | 128      |
|    fps             | 4        |
|    time_elapsed    | 827      |
|    total timesteps | 3945     |
| train/             |          |
|    actor_loss      | 9.59     |
|    critic_loss     | 0.14     |
|    learning_rate   | 0.000996 |
|    n_updates       | 3913     |
---------------------------------
---------------------------------
| rollout/           |          |
|    ep_len_mean     | 29       |
|    ep_rew_mean     | -9.72    |
| time/              |          |
|    episodes        | 132      |
|    fps             | 4        |
|    time_elapsed    | 850      |
|    total timesteps | 4046     |
| train/             |          |
|    actor_loss      | 9.49     |
|    critic_loss     | 0.215    |
|    learning_rate   | 0.000996 |
|    n_updates       | 4021     |
---------------------------------
---------------------------------
| rollout/           |          |
|    ep_len_mean     | 29       |
|    ep_rew_mean     | -9.73    |
| time/              |          |
|    episodes        | 136      |
|    fps             | 4        |
|    time_elapsed    | 873      |
|    total timesteps | 4169     |
| train/             |          |
|    actor_loss      | 9.37     |
|    critic_loss     | 0.163    |
|    learning_rate   | 0.000996 |
|    n_updates       | 4132     |
---------------------------------
---------------------------------
| rollout/           |          |
|    ep_len_mean     | 29.3     |
|    ep_rew_mean     | -9.74    |
| time/              |          |
|    episodes        | 140      |
|    fps             | 4        |
|    time_elapsed    | 901      |
|    total timesteps | 4302     |
| train/             |          |
|    actor_loss      | 9.55     |
|    critic_loss     | 0.409    |
|    learning_rate   | 0.000996 |
|    n_updates       | 4261     |
---------------------------------
---------------------------------
| rollout/           |          |
|    ep_len_mean     | 29.3     |
|    ep_rew_mean     | -9.73    |
| time/              |          |
|    episodes        | 144      |
|    fps             | 4        |
|    time_elapsed    | 928      |
|    total timesteps | 4418     |
| train/             |          |
|    actor_loss      | 9.25     |
|    critic_loss     | 0.323    |
|    learning_rate   | 0.000996 |
|    n_updates       | 4394     |
---------------------------------
---------------------------------
| rollout/           |          |
|    ep_len_mean     | 29.5     |
|    ep_rew_mean     | -9.73    |
| time/              |          |
|    episodes        | 148      |
|    fps             | 4        |
|    time_elapsed    | 956      |
|    total timesteps | 4552     |
| train/             |          |
|    actor_loss      | 9.08     |
|    critic_loss     | 0.386    |
|    learning_rate   | 0.000996 |
|    n_updates       | 4528     |
---------------------------------
---------------------------------
| rollout/           |          |
|    ep_len_mean     | 29.4     |
|    ep_rew_mean     | -9.73    |
| time/              |          |
|    episodes        | 152      |
|    fps             | 4        |
|    time_elapsed    | 977      |
|    total timesteps | 4655     |
| train/             |          |
|    actor_loss      | 9.22     |
|    critic_loss     | 0.302    |
|    learning_rate   | 0.000995 |
|    n_updates       | 4631     |
---------------------------------
---------------------------------
| rollout/           |          |
|    ep_len_mean     | 29.4     |
|    ep_rew_mean     | -9.72    |
| time/              |          |
|    episodes        | 156      |
|    fps             | 4        |
|    time_elapsed    | 1000     |
|    total timesteps | 4765     |
| train/             |          |
|    actor_loss      | 8.97     |
|    critic_loss     | 0.505    |
|    learning_rate   | 0.000995 |
|    n_updates       | 4737     |
---------------------------------
---------------------------------
| rollout/           |          |
|    ep_len_mean     | 29.2     |
|    ep_rew_mean     | -9.72    |
| time/              |          |
|    episodes        | 160      |
|    fps             | 4        |
|    time_elapsed    | 1020     |
|    total timesteps | 4861     |
| train/             |          |
|    actor_loss      | 8.87     |
|    critic_loss     | 0.385    |
|    learning_rate   | 0.000995 |
|    n_updates       | 4837     |
---------------------------------
---------------------------------
| rollout/           |          |
|    ep_len_mean     | 29.1     |
|    ep_rew_mean     | -9.72    |
| time/              |          |
|    episodes        | 164      |
|    fps             | 4        |
|    time_elapsed    | 1043     |
|    total timesteps | 4976     |
| train/             |          |
|    actor_loss      | 8.74     |
|    critic_loss     | 0.537    |
|    learning_rate   | 0.000995 |
|    n_updates       | 4944     |
---------------------------------
Eval num_timesteps=5000, episode_reward=-9.69 +/- 0.04
Episode length: 26.00 +/- 1.41
---------------------------------
| eval/              |          |
|    mean_ep_length  | 26       |
|    mean_reward     | -9.69    |
| time/              |          |
|    total_timesteps | 5000     |
| train/             |          |
|    actor_loss      | 8.76     |
|    critic_loss     | 0.476    |
|    learning_rate   | 0.000995 |
|    n_updates       | 4976     |
---------------------------------
New best mean reward!
---------------------------------
| rollout/           |          |
|    ep_len_mean     | 29.1     |
|    ep_rew_mean     | -9.71    |
| time/              |          |
|    episodes        | 168      |
|    fps             | 4        |
|    time_elapsed    | 1077     |
|    total timesteps | 5094     |
| train/             |          |
|    actor_loss      | 8.74     |
|    critic_loss     | 0.659    |
|    learning_rate   | 0.000995 |
|    n_updates       | 5060     |
---------------------------------
---------------------------------
| rollout/           |          |
|    ep_len_mean     | 29       |
|    ep_rew_mean     | -9.71    |
| time/              |          |
|    episodes        | 172      |
|    fps             | 4        |
|    time_elapsed    | 1101     |
|    total timesteps | 5198     |
| train/             |          |
|    actor_loss      | 8.65     |
|    critic_loss     | 0.578    |
|    learning_rate   | 0.000995 |
|    n_updates       | 5174     |
---------------------------------
---------------------------------
| rollout/           |          |
|    ep_len_mean     | 29.2     |
|    ep_rew_mean     | -9.72    |
| time/              |          |
|    episodes        | 176      |
|    fps             | 4        |
|    time_elapsed    | 1127     |
|    total timesteps | 5325     |
| train/             |          |
|    actor_loss      | 8.53     |
|    critic_loss     | 0.671    |
|    learning_rate   | 0.000995 |
|    n_updates       | 5298     |
---------------------------------
---------------------------------
| rollout/           |          |
|    ep_len_mean     | 29.2     |
|    ep_rew_mean     | -9.72    |
| time/              |          |
|    episodes        | 180      |
|    fps             | 4        |
|    time_elapsed    | 1151     |
|    total timesteps | 5442     |
| train/             |          |
|    actor_loss      | 8.46     |
|    critic_loss     | 0.45     |
|    learning_rate   | 0.000995 |
|    n_updates       | 5411     |
---------------------------------
---------------------------------
| rollout/           |          |
|    ep_len_mean     | 29.1     |
|    ep_rew_mean     | -9.71    |
| time/              |          |
|    episodes        | 184      |
|    fps             | 4        |
|    time_elapsed    | 1179     |
|    total timesteps | 5580     |
| train/             |          |
|    actor_loss      | 8.36     |
|    critic_loss     | 0.87     |
|    learning_rate   | 0.000995 |
|    n_updates       | 5543     |
---------------------------------
---------------------------------
| rollout/           |          |
|    ep_len_mean     | 28.9     |
|    ep_rew_mean     | -9.71    |
| time/              |          |
|    episodes        | 188      |
|    fps             | 4        |
|    time_elapsed    | 1204     |
|    total timesteps | 5683     |
| train/             |          |
|    actor_loss      | 8.42     |
|    critic_loss     | 0.759    |
|    learning_rate   | 0.000994 |
|    n_updates       | 5658     |
---------------------------------
---------------------------------
| rollout/           |          |
|    ep_len_mean     | 29       |
|    ep_rew_mean     | -9.71    |
| time/              |          |
|    episodes        | 192      |
|    fps             | 4        |
|    time_elapsed    | 1225     |
|    total timesteps | 5787     |
| train/             |          |
|    actor_loss      | 8.19     |
|    critic_loss     | 0.623    |
|    learning_rate   | 0.000994 |
|    n_updates       | 5759     |
---------------------------------
---------------------------------
| rollout/           |          |
|    ep_len_mean     | 28.8     |
|    ep_rew_mean     | -9.71    |
| time/              |          |
|    episodes        | 196      |
|    fps             | 4        |
|    time_elapsed    | 1247     |
|    total timesteps | 5887     |
| train/             |          |
|    actor_loss      | 8.14     |
|    critic_loss     | 0.895    |
|    learning_rate   | 0.000994 |
|    n_updates       | 5864     |
---------------------------------
---------------------------------
| rollout/           |          |
|    ep_len_mean     | 28.8     |
|    ep_rew_mean     | -9.72    |
| time/              |          |
|    episodes        | 200      |
|    fps             | 4        |
|    time_elapsed    | 1272     |
|    total timesteps | 6009     |
| train/             |          |
|    actor_loss      | 8.12     |
|    critic_loss     | 0.975    |
|    learning_rate   | 0.000994 |
|    n_updates       | 5984     |
---------------------------------
---------------------------------
| rollout/           |          |
|    ep_len_mean     | 29       |
|    ep_rew_mean     | -9.72    |
| time/              |          |
|    episodes        | 204      |
|    fps             | 4        |
|    time_elapsed    | 1296     |
|    total timesteps | 6124     |
| train/             |          |
|    actor_loss      | 8.05     |
|    critic_loss     | 0.881    |
|    learning_rate   | 0.000994 |
|    n_updates       | 6097     |
---------------------------------
---------------------------------
| rollout/           |          |
|    ep_len_mean     | 28.8     |
|    ep_rew_mean     | -9.72    |
| time/              |          |
|    episodes        | 208      |
|    fps             | 4        |
|    time_elapsed    | 1320     |
|    total timesteps | 6234     |
| train/             |          |
|    actor_loss      | 7.9      |
|    critic_loss     | 1.19     |
|    learning_rate   | 0.000994 |
|    n_updates       | 6208     |
---------------------------------
---------------------------------
| rollout/           |          |
|    ep_len_mean     | 28.8     |
|    ep_rew_mean     | -9.71    |
| time/              |          |
|    episodes        | 212      |
|    fps             | 4        |
|    time_elapsed    | 1344     |
|    total timesteps | 6352     |
| train/             |          |
|    actor_loss      | 7.83     |
|    critic_loss     | 0.973    |
|    learning_rate   | 0.000994 |
|    n_updates       | 6325     |
---------------------------------
---------------------------------
| rollout/           |          |
|    ep_len_mean     | 29       |
|    ep_rew_mean     | -9.72    |
| time/              |          |
|    episodes        | 216      |
|    fps             | 4        |
|    time_elapsed    | 1367     |
|    total timesteps | 6475     |
| train/             |          |
|    actor_loss      | 7.9      |
|    critic_loss     | 1.37     |
|    learning_rate   | 0.000994 |
|    n_updates       | 6432     |
---------------------------------
---------------------------------
| rollout/           |          |
|    ep_len_mean     | 28.9     |
|    ep_rew_mean     | -9.73    |
| time/              |          |
|    episodes        | 220      |
|    fps             | 4        |
|    time_elapsed    | 1394     |
|    total timesteps | 6583     |
| train/             |          |
|    actor_loss      | 7.62     |
|    critic_loss     | 0.776    |
|    learning_rate   | 0.000994 |
|    n_updates       | 6558     |
---------------------------------
---------------------------------
| rollout/           |          |
|    ep_len_mean     | 28.7     |
|    ep_rew_mean     | -9.73    |
| time/              |          |
|    episodes        | 224      |
|    fps             | 4        |
|    time_elapsed    | 1417     |
|    total timesteps | 6690     |
| train/             |          |
|    actor_loss      | 7.68     |
|    critic_loss     | 1.19     |
|    learning_rate   | 0.000993 |
|    n_updates       | 6666     |
---------------------------------
---------------------------------
| rollout/           |          |
|    ep_len_mean     | 28.5     |
|    ep_rew_mean     | -9.72    |
| time/              |          |
|    episodes        | 228      |
|    fps             | 4        |
|    time_elapsed    | 1437     |
|    total timesteps | 6792     |
| train/             |          |
|    actor_loss      | 7.66     |
|    critic_loss     | 1.09     |
|    learning_rate   | 0.000993 |
|    n_updates       | 6764     |
---------------------------------
---------------------------------
| rollout/           |          |
|    ep_len_mean     | 28.7     |
|    ep_rew_mean     | -9.73    |
| time/              |          |
|    episodes        | 232      |
|    fps             | 4        |
|    time_elapsed    | 1461     |
|    total timesteps | 6912     |
| train/             |          |
|    actor_loss      | 7.65     |
|    critic_loss     | 1.28     |
|    learning_rate   | 0.000993 |
|    n_updates       | 6876     |
---------------------------------
---------------------------------
| rollout/           |          |
|    ep_len_mean     | 28.6     |
|    ep_rew_mean     | -9.72    |
| time/              |          |
|    episodes        | 236      |
|    fps             | 4        |
|    time_elapsed    | 1486     |
|    total timesteps | 7030     |
| train/             |          |
|    actor_loss      | 7.5      |
|    critic_loss     | 1.8      |
|    learning_rate   | 0.000993 |
|    n_updates       | 6996     |
---------------------------------
---------------------------------
| rollout/           |          |
|    ep_len_mean     | 28.3     |
|    ep_rew_mean     | -9.72    |
| time/              |          |
|    episodes        | 240      |
|    fps             | 4        |
|    time_elapsed    | 1509     |
|    total timesteps | 7136     |
| train/             |          |
|    actor_loss      | 7.48     |
|    critic_loss     | 1.94     |
|    learning_rate   | 0.000993 |
|    n_updates       | 7107     |
---------------------------------
---------------------------------
| rollout/           |          |
|    ep_len_mean     | 28.2     |
|    ep_rew_mean     | -9.71    |
| time/              |          |
|    episodes        | 244      |
|    fps             | 4        |
|    time_elapsed    | 1531     |
|    total timesteps | 7234     |
| train/             |          |
|    actor_loss      | 7.38     |
|    critic_loss     | 1.37     |
|    learning_rate   | 0.000993 |
|    n_updates       | 7209     |
---------------------------------
---------------------------------
| rollout/           |          |
|    ep_len_mean     | 28       |
|    ep_rew_mean     | -9.72    |
| time/              |          |
|    episodes        | 248      |
|    fps             | 4        |
|    time_elapsed    | 1555     |
|    total timesteps | 7348     |
| train/             |          |
|    actor_loss      | 7.4      |
|    critic_loss     | 1.3      |
|    learning_rate   | 0.000993 |
|    n_updates       | 7323     |
---------------------------------
---------------------------------
| rollout/           |          |
|    ep_len_mean     | 27.9     |
|    ep_rew_mean     | -9.71    |
| time/              |          |
|    episodes        | 252      |
|    fps             | 4        |
|    time_elapsed    | 1576     |
|    total timesteps | 7449     |
| train/             |          |
|    actor_loss      | 7.42     |
|    critic_loss     | 1.04     |
|    learning_rate   | 0.000993 |
|    n_updates       | 7421     |
---------------------------------
---------------------------------
| rollout/           |          |
|    ep_len_mean     | 28.1     |
|    ep_rew_mean     | -9.72    |
| time/              |          |
|    episodes        | 256      |
|    fps             | 4        |
|    time_elapsed    | 1602     |
|    total timesteps | 7570     |
| train/             |          |
|    actor_loss      | 7.25     |
|    critic_loss     | 1.57     |
|    learning_rate   | 0.000993 |
|    n_updates       | 7542     |
---------------------------------
---------------------------------
| rollout/           |          |
|    ep_len_mean     | 28.4     |
|    ep_rew_mean     | -9.73    |
| time/              |          |
|    episodes        | 260      |
|    fps             | 4        |
|    time_elapsed    | 1628     |
|    total timesteps | 7701     |
| train/             |          |
|    actor_loss      | 7.06     |
|    critic_loss     | 1.88     |
|    learning_rate   | 0.000992 |
|    n_updates       | 7661     |
---------------------------------
---------------------------------
| rollout/           |          |
|    ep_len_mean     | 28.5     |
|    ep_rew_mean     | -9.73    |
| time/              |          |
|    episodes        | 264      |
|    fps             | 4        |
|    time_elapsed    | 1654     |
|    total timesteps | 7822     |
| train/             |          |
|    actor_loss      | 7.11     |
|    critic_loss     | 1.53     |
|    learning_rate   | 0.000992 |
|    n_updates       | 7784     |
---------------------------------
---------------------------------
| rollout/           |          |
|    ep_len_mean     | 28.5     |
|    ep_rew_mean     | -9.72    |
| time/              |          |
|    episodes        | 268      |
|    fps             | 4        |
|    time_elapsed    | 1681     |
|    total timesteps | 7941     |
| train/             |          |
|    actor_loss      | 6.99     |
|    critic_loss     | 2.4      |
|    learning_rate   | 0.000992 |
|    n_updates       | 7914     |
---------------------------------
---------------------------------
| rollout/           |          |
|    ep_len_mean     | 28.6     |
|    ep_rew_mean     | -9.73    |
| time/              |          |
|    episodes        | 272      |
|    fps             | 4        |
|    time_elapsed    | 1705     |
|    total timesteps | 8055     |
| train/             |          |
|    actor_loss      | 7.1      |
|    critic_loss     | 1.8      |
|    learning_rate   | 0.000992 |
|    n_updates       | 8029     |
---------------------------------
---------------------------------
| rollout/           |          |
|    ep_len_mean     | 28.3     |
|    ep_rew_mean     | -9.72    |
| time/              |          |
|    episodes        | 276      |
|    fps             | 4        |
|    time_elapsed    | 1726     |
|    total timesteps | 8152     |
| train/             |          |
|    actor_loss      | 6.96     |
|    critic_loss     | 1.85     |
|    learning_rate   | 0.000992 |
|    n_updates       | 8130     |
---------------------------------
---------------------------------
| rollout/           |          |
|    ep_len_mean     | 28.1     |
|    ep_rew_mean     | -9.72    |
| time/              |          |
|    episodes        | 280      |
|    fps             | 4        |
|    time_elapsed    | 1747     |
|    total timesteps | 8255     |
| train/             |          |
|    actor_loss      | 6.96     |
|    critic_loss     | 1.51     |
|    learning_rate   | 0.000992 |
|    n_updates       | 8227     |
---------------------------------
---------------------------------
| rollout/           |          |
|    ep_len_mean     | 27.8     |
|    ep_rew_mean     | -9.72    |
| time/              |          |
|    episodes        | 284      |
|    fps             | 4        |
|    time_elapsed    | 1769     |
|    total timesteps | 8362     |
| train/             |          |
|    actor_loss      | 6.98     |
|    critic_loss     | 1.69     |
|    learning_rate   | 0.000992 |
|    n_updates       | 8333     |
---------------------------------
---------------------------------
| rollout/           |          |
|    ep_len_mean     | 28.1     |
|    ep_rew_mean     | -9.73    |
| time/              |          |
|    episodes        | 288      |
|    fps             | 4        |
|    time_elapsed    | 1796     |
|    total timesteps | 8491     |
| train/             |          |
|    actor_loss      | 6.85     |
|    critic_loss     | 2.06     |
|    learning_rate   | 0.000992 |
|    n_updates       | 8459     |
---------------------------------
---------------------------------
| rollout/           |          |
|    ep_len_mean     | 28.1     |
|    ep_rew_mean     | -9.72    |
| time/              |          |
|    episodes        | 292      |
|    fps             | 4        |
|    time_elapsed    | 1821     |
|    total timesteps | 8601     |
| train/             |          |
|    actor_loss      | 6.94     |
|    critic_loss     | 1.59     |
|    learning_rate   | 0.000992 |
|    n_updates       | 8577     |
---------------------------------
---------------------------------
| rollout/           |          |
|    ep_len_mean     | 28.3     |
|    ep_rew_mean     | -9.73    |
| time/              |          |
|    episodes        | 296      |
|    fps             | 4        |
|    time_elapsed    | 1844     |
|    total timesteps | 8713     |
| train/             |          |
|    actor_loss      | 6.8      |
|    critic_loss     | 2.16     |
|    learning_rate   | 0.000991 |
|    n_updates       | 8690     |
---------------------------------
---------------------------------
| rollout/           |          |
|    ep_len_mean     | 28.1     |
|    ep_rew_mean     | -9.72    |
| time/              |          |
|    episodes        | 300      |
|    fps             | 4        |
|    time_elapsed    | 1867     |
|    total timesteps | 8820     |
| train/             |          |
|    actor_loss      | 6.91     |
|    critic_loss     | 2.13     |
|    learning_rate   | 0.000991 |
|    n_updates       | 8798     |
---------------------------------
---------------------------------
| rollout/           |          |
|    ep_len_mean     | 28       |
|    ep_rew_mean     | -9.72    |
| time/              |          |
|    episodes        | 304      |
|    fps             | 4        |
|    time_elapsed    | 1888     |
|    total timesteps | 8920     |
| train/             |          |
|    actor_loss      | 6.79     |
|    critic_loss     | 2.2      |
|    learning_rate   | 0.000991 |
|    n_updates       | 8895     |
---------------------------------
---------------------------------
| rollout/           |          |
|    ep_len_mean     | 28       |
|    ep_rew_mean     | -9.72    |
| time/              |          |
|    episodes        | 308      |
|    fps             | 4        |
|    time_elapsed    | 1911     |
|    total timesteps | 9037     |
| train/             |          |
|    actor_loss      | 6.64     |
|    critic_loss     | 2.25     |
|    learning_rate   | 0.000991 |
|    n_updates       | 9002     |
---------------------------------
---------------------------------
| rollout/           |          |
|    ep_len_mean     | 28.1     |
|    ep_rew_mean     | -9.72    |
| time/              |          |
|    episodes        | 312      |
|    fps             | 4        |
|    time_elapsed    | 1938     |
|    total timesteps | 9162     |
| train/             |          |
|    actor_loss      | 6.76     |
|    critic_loss     | 2.93     |
|    learning_rate   | 0.000991 |
|    n_updates       | 9134     |
---------------------------------
---------------------------------
| rollout/           |          |
|    ep_len_mean     | 27.9     |
|    ep_rew_mean     | -9.72    |
| time/              |          |
|    episodes        | 316      |
|    fps             | 4        |
|    time_elapsed    | 1959     |
|    total timesteps | 9260     |
| train/             |          |
|    actor_loss      | 6.58     |
|    critic_loss     | 1.53     |
|    learning_rate   | 0.000991 |
|    n_updates       | 9233     |
---------------------------------
---------------------------------
| rollout/           |          |
|    ep_len_mean     | 27.9     |
|    ep_rew_mean     | -9.71    |
| time/              |          |
|    episodes        | 320      |
|    fps             | 4        |
|    time_elapsed    | 1983     |
|    total timesteps | 9376     |
| train/             |          |
|    actor_loss      | 6.51     |
|    critic_loss     | 1.72     |
|    learning_rate   | 0.000991 |
|    n_updates       | 9347     |
---------------------------------
---------------------------------
| rollout/           |          |
|    ep_len_mean     | 28       |
|    ep_rew_mean     | -9.72    |
| time/              |          |
|    episodes        | 324      |
|    fps             | 4        |
|    time_elapsed    | 2008     |
|    total timesteps | 9491     |
| train/             |          |
|    actor_loss      | 6.44     |
|    critic_loss     | 1.29     |
|    learning_rate   | 0.000991 |
|    n_updates       | 9467     |
---------------------------------
---------------------------------
| rollout/           |          |
|    ep_len_mean     | 28.3     |
|    ep_rew_mean     | -9.72    |
| time/              |          |
|    episodes        | 328      |
|    fps             | 4        |
|    time_elapsed    | 2037     |
|    total timesteps | 9626     |
| train/             |          |
|    actor_loss      | 6.43     |
|    critic_loss     | 2.62     |
|    learning_rate   | 0.00099  |
|    n_updates       | 9604     |
---------------------------------
---------------------------------
| rollout/           |          |
|    ep_len_mean     | 28.2     |
|    ep_rew_mean     | -9.72    |
| time/              |          |
|    episodes        | 332      |
|    fps             | 4        |
|    time_elapsed    | 2059     |
|    total timesteps | 9731     |
| train/             |          |
|    actor_loss      | 6.5      |
|    critic_loss     | 2.47     |
|    learning_rate   | 0.00099  |
|    n_updates       | 9704     |
---------------------------------
---------------------------------
| rollout/           |          |
|    ep_len_mean     | 28.1     |
|    ep_rew_mean     | -9.72    |
| time/              |          |
|    episodes        | 336      |
|    fps             | 4        |
|    time_elapsed    | 2082     |
|    total timesteps | 9835     |
| train/             |          |
|    actor_loss      | 6.35     |
|    critic_loss     | 2.14     |
|    learning_rate   | 0.00099  |
|    n_updates       | 9812     |
---------------------------------
---------------------------------
| rollout/           |          |
|    ep_len_mean     | 28.2     |
|    ep_rew_mean     | -9.73    |
| time/              |          |
|    episodes        | 340      |
|    fps             | 4        |
|    time_elapsed    | 2106     |
|    total timesteps | 9954     |
| train/             |          |
|    actor_loss      | 6.27     |
|    critic_loss     | 2.34     |
|    learning_rate   | 0.00099  |
|    n_updates       | 9931     |
---------------------------------
Eval num_timesteps=10000, episode_reward=-9.63 +/- 0.13
Episode length: 26.40 +/- 3.56
---------------------------------
| eval/              |          |
|    mean_ep_length  | 26.4     |
|    mean_reward     | -9.63    |
| time/              |          |
|    total_timesteps | 10000    |
| train/             |          |
|    actor_loss      | 6.25     |
|    critic_loss     | 1.67     |
|    learning_rate   | 0.00099  |
|    n_updates       | 9980     |
---------------------------------
New best mean reward!
---------------------------------
| rollout/           |          |
|    ep_len_mean     | 28.2     |
|    ep_rew_mean     | -9.73    |
| time/              |          |
|    episodes        | 344      |
|    fps             | 4        |
|    time_elapsed    | 2136     |
|    total timesteps | 10053    |
| train/             |          |
|    actor_loss      | 6.38     |
|    critic_loss     | 2.68     |
|    learning_rate   | 0.00099  |
|    n_updates       | 10030    |
---------------------------------
---------------------------------
| rollout/           |          |
|    ep_len_mean     | 28.1     |
|    ep_rew_mean     | -9.73    |
| time/              |          |
|    episodes        | 348      |
|    fps             | 4        |
|    time_elapsed    | 2156     |
|    total timesteps | 10154    |
| train/             |          |
|    actor_loss      | 6.29     |
|    critic_loss     | 2.23     |
|    learning_rate   | 0.00099  |
|    n_updates       | 10128    |
---------------------------------
---------------------------------
| rollout/           |          |
|    ep_len_mean     | 28.4     |
|    ep_rew_mean     | -9.73    |
| time/              |          |
|    episodes        | 352      |
|    fps             | 4        |
|    time_elapsed    | 2182     |
|    total timesteps | 10287    |
| train/             |          |
|    actor_loss      | 6.4      |
|    critic_loss     | 2.75     |
|    learning_rate   | 0.00099  |
|    n_updates       | 10251    |
---------------------------------
---------------------------------
| rollout/           |          |
|    ep_len_mean     | 28.2     |
|    ep_rew_mean     | -9.73    |
| time/              |          |
|    episodes        | 356      |
|    fps             | 4        |
|    time_elapsed    | 2206     |
|    total timesteps | 10391    |
| train/             |          |
|    actor_loss      | 6.2      |
|    critic_loss     | 2.22     |
|    learning_rate   | 0.00099  |
|    n_updates       | 10363    |
---------------------------------
---------------------------------
| rollout/           |          |
|    ep_len_mean     | 28       |
|    ep_rew_mean     | -9.72    |
| time/              |          |
|    episodes        | 360      |
|    fps             | 4        |
|    time_elapsed    | 2229     |
|    total timesteps | 10497    |
| train/             |          |
|    actor_loss      | 6.16     |
|    critic_loss     | 1.68     |
|    learning_rate   | 0.00099  |
|    n_updates       | 10471    |
---------------------------------
---------------------------------
| rollout/           |          |
|    ep_len_mean     | 27.9     |
|    ep_rew_mean     | -9.72    |
| time/              |          |
|    episodes        | 364      |
|    fps             | 4        |
|    time_elapsed    | 2253     |
|    total timesteps | 10614    |
| train/             |          |
|    actor_loss      | 6.06     |
|    critic_loss     | 2.02     |
|    learning_rate   | 0.00099  |
|    n_updates       | 10584    |
---------------------------------
---------------------------------
| rollout/           |          |
|    ep_len_mean     | 27.8     |
|    ep_rew_mean     | -9.72    |
| time/              |          |
|    episodes        | 368      |
|    fps             | 4        |
|    time_elapsed    | 2277     |
|    total timesteps | 10721    |
| train/             |          |
|    actor_loss      | 6.12     |
|    critic_loss     | 2.81     |
|    learning_rate   | 0.000989 |
|    n_updates       | 10698    |
---------------------------------
---------------------------------
| rollout/           |          |
|    ep_len_mean     | 27.7     |
|    ep_rew_mean     | -9.71    |
| time/              |          |
|    episodes        | 372      |
|    fps             | 4        |
|    time_elapsed    | 2298     |
|    total timesteps | 10823    |
| train/             |          |
|    actor_loss      | 6.18     |
|    critic_loss     | 3.13     |
|    learning_rate   | 0.000989 |
|    n_updates       | 10798    |
---------------------------------
---------------------------------
| rollout/           |          |
|    ep_len_mean     | 27.9     |
|    ep_rew_mean     | -9.71    |
| time/              |          |
|    episodes        | 376      |
|    fps             | 4        |
|    time_elapsed    | 2379     |
|    total timesteps | 10944    |
| train/             |          |
|    actor_loss      | 6.04     |
|    critic_loss     | 2.82     |
|    learning_rate   | 0.000989 |
|    n_updates       | 10910    |
---------------------------------
The X11 connection broke (error 1). Did the X11 server die?
